# zsim stats
===
root: # Stats
 contention: # Contention simulation stats
  domain-0: # Domain stats
   time: 1262779692 # Weave simulation time
 time: # Simulator time breakdown
  init: 215568963
  bound: 124008784912
  weave: 3977665114
  ff: 0
 trigger: 20000 # Reason for this stats dump
 phase: 75849 # Simulated phases
 beefy: # Core stats
  beefy-0: # Core stats
   cycles: 758261929 # Simulated unhalted cycles
   cCycles: 11189842 # Cycles due to contention stalls
   instrs: 1000002998 # Simulated instructions
   uops: 1142733606 # Retired micro-ops
   bbls: 201864659 # Basic blocks
   approxInstrs: 24 # Instrs with approx uop decoding
   mispredBranches: 16628984 # Mispredicted branches
  beefy-1: # Core stats
   cycles: 758265683 # Simulated unhalted cycles
   cCycles: 11188273 # Cycles due to contention stalls
   instrs: 1000002998 # Simulated instructions
   uops: 1142733606 # Retired micro-ops
   bbls: 201864659 # Basic blocks
   approxInstrs: 24 # Instrs with approx uop decoding
   mispredBranches: 16628984 # Mispredicted branches
 l1d_beefy: # Cache stats
  l1d_beefy-0: # Filter cache stats
   fhGETS: 202640035 # Filtered GETS hits
   fhGETX: 66525912 # Filtered GETX hits
   hGETS: 37352062 # GETS hits
   hGETX: 13112475 # GETX hits
   mGETS: 817890 # GETS misses
   mGETXIM: 359476 # GETX I->M misses
   mGETXSM: 0 # GETX S->M misses (upgrade misses)
   PUTS: 0 # Clean evictions (from lower level)
   PUTX: 0 # Dirty evictions (from lower level)
   INV: 8 # Invalidates (from upper level)
   INVX: 0 # Downgrades (from upper level)
   FWD: 0 # Forwards (from upper level)
   latGETnl: 41157763 # GET request latency on next level
   latGETnet: 0 # GET request latency on network to next level
  l1d_beefy-1: # Filter cache stats
   fhGETS: 202640034 # Filtered GETS hits
   fhGETX: 66525912 # Filtered GETX hits
   hGETS: 37352064 # GETS hits
   hGETX: 13112475 # GETX hits
   mGETS: 817889 # GETS misses
   mGETXIM: 359476 # GETX I->M misses
   mGETXSM: 0 # GETX S->M misses (upgrade misses)
   PUTS: 0 # Clean evictions (from lower level)
   PUTX: 0 # Dirty evictions (from lower level)
   INV: 10 # Invalidates (from upper level)
   INVX: 0 # Downgrades (from upper level)
   FWD: 0 # Forwards (from upper level)
   latGETnl: 41160737 # GET request latency on next level
   latGETnet: 0 # GET request latency on network to next level
 l1i_beefy: # Cache stats
  l1i_beefy-0: # Filter cache stats
   fhGETS: 256279051 # Filtered GETS hits
   fhGETX: 0 # Filtered GETX hits
   hGETS: 30389067 # GETS hits
   hGETX: 0 # GETX hits
   mGETS: 4442987 # GETS misses
   mGETXIM: 0 # GETX I->M misses
   mGETXSM: 0 # GETX S->M misses (upgrade misses)
   PUTS: 0 # Clean evictions (from lower level)
   PUTX: 0 # Dirty evictions (from lower level)
   INV: 13 # Invalidates (from upper level)
   INVX: 0 # Downgrades (from upper level)
   FWD: 0 # Forwards (from upper level)
   latGETnl: 31436260 # GET request latency on next level
   latGETnet: 0 # GET request latency on network to next level
  l1i_beefy-1: # Filter cache stats
   fhGETS: 256278975 # Filtered GETS hits
   fhGETX: 0 # Filtered GETX hits
   hGETS: 30389159 # GETS hits
   hGETX: 0 # GETX hits
   mGETS: 4442900 # GETS misses
   mGETXIM: 0 # GETX I->M misses
   mGETXSM: 0 # GETX S->M misses (upgrade misses)
   PUTS: 0 # Clean evictions (from lower level)
   PUTX: 0 # Dirty evictions (from lower level)
   INV: 12 # Invalidates (from upper level)
   INVX: 0 # Downgrades (from upper level)
   FWD: 0 # Forwards (from upper level)
   latGETnl: 31435550 # GET request latency on next level
   latGETnet: 0 # GET request latency on network to next level
 l2_beefy: # Cache stats
  l2_beefy-0: # Cache stats
   hGETS: 4898982 # GETS hits
   hGETX: 322939 # GETX hits
   mGETS: 361895 # GETS misses
   mGETXIM: 36537 # GETX I->M misses
   mGETXSM: 0 # GETX S->M misses (upgrade misses)
   PUTS: 4935131 # Clean evictions (from lower level)
   PUTX: 684177 # Dirty evictions (from lower level)
   INV: 38 # Invalidates (from upper level)
   INVX: 0 # Downgrades (from upper level)
   FWD: 0 # Forwards (from upper level)
   latGETnl: 33251552 # GET request latency on next level
   latGETnet: 0 # GET request latency on network to next level
  l2_beefy-1: # Cache stats
   hGETS: 4898894 # GETS hits
   hGETX: 322939 # GETX hits
   mGETS: 361895 # GETS misses
   mGETXIM: 36537 # GETX I->M misses
   mGETXSM: 0 # GETX S->M misses (upgrade misses)
   PUTS: 4935044 # Clean evictions (from lower level)
   PUTX: 684175 # Dirty evictions (from lower level)
   INV: 38 # Invalidates (from upper level)
   INVX: 0 # Downgrades (from upper level)
   FWD: 0 # Forwards (from upper level)
   latGETnl: 33254432 # GET request latency on next level
   latGETnet: 0 # GET request latency on network to next level
 l3: # Cache stats
  l3-0b0: # Cache stats
   hGETS: 16063 # GETS hits
   hGETX: 7195 # GETX hits
   mGETS: 164803 # GETS misses
   mGETXIM: 10869 # GETX I->M misses
   mGETXSM: 0 # GETX S->M misses (upgrade misses)
   PUTS: 42942 # Clean evictions (from lower level)
   PUTX: 153964 # Dirty evictions (from lower level)
   INV: 0 # Invalidates (from upper level)
   INVX: 0 # Downgrades (from upper level)
   FWD: 0 # Forwards (from upper level)
   latGETnl: 11243008 # GET request latency on next level
   latGETnet: 0 # GET request latency on network to next level
  l3-0b1: # Cache stats
   hGETS: 16142 # GETS hits
   hGETX: 7595 # GETX hits
   mGETS: 165093 # GETS misses
   mGETXIM: 11041 # GETX I->M misses
   mGETXSM: 0 # GETX S->M misses (upgrade misses)
   PUTS: 42863 # Clean evictions (from lower level)
   PUTX: 154898 # Dirty evictions (from lower level)
   INV: 0 # Invalidates (from upper level)
   INVX: 0 # Downgrades (from upper level)
   FWD: 0 # Forwards (from upper level)
   latGETnl: 11272576 # GET request latency on next level
   latGETnet: 0 # GET request latency on network to next level
  l3-0b2: # Cache stats
   hGETS: 16169 # GETS hits
   hGETX: 7372 # GETX hits
   mGETS: 164422 # GETS misses
   mGETXIM: 11069 # GETX I->M misses
   mGETXSM: 0 # GETX S->M misses (upgrade misses)
   PUTS: 43226 # Clean evictions (from lower level)
   PUTX: 153722 # Dirty evictions (from lower level)
   INV: 0 # Invalidates (from upper level)
   INVX: 0 # Downgrades (from upper level)
   FWD: 0 # Forwards (from upper level)
   latGETnl: 11231424 # GET request latency on next level
   latGETnet: 0 # GET request latency on network to next level
  l3-0b3: # Cache stats
   hGETS: 16031 # GETS hits
   hGETX: 7318 # GETX hits
   mGETS: 165067 # GETS misses
   mGETXIM: 10615 # GETX I->M misses
   mGETXSM: 0 # GETX S->M misses (upgrade misses)
   PUTS: 42978 # Clean evictions (from lower level)
   PUTX: 154003 # Dirty evictions (from lower level)
   INV: 0 # Invalidates (from upper level)
   INVX: 0 # Downgrades (from upper level)
   FWD: 0 # Forwards (from upper level)
   latGETnl: 11243648 # GET request latency on next level
   latGETnet: 0 # GET request latency on network to next level
 mem: # Memory controller stats
  mem-0: # Memory controller stats
   rd: 175112 # Read requests
   wr: 138064 # Write requests
   rdlat: 18862431 # Total latency experienced by read requests
   wrlat: 16237244 # Total latency experienced by write requests
   rdhits: 228 # Read row hits
   wrhits: 17 # Write row hits
   mlh: # latency histogram for memory requests
    0: 0
    1: 0
    2: 0
    3: 0
    4: 0
    5: 0
    6: 0
    7: 0
    8: 0
    9: 0
    10: 170271
    11: 2041
    12: 552
    13: 543
    14: 299
    15: 67
    16: 54
    17: 45
    18: 52
    19: 69
    20: 81
    21: 75
    22: 71
    23: 41
    24: 57
    25: 45
    26: 41
    27: 44
    28: 57
    29: 47
    30: 50
    31: 49
    32: 41
    33: 44
    34: 55
    35: 64
    36: 60
    37: 52
    38: 52
    39: 45
    40: 33
    41: 3
    42: 1
    43: 6
    44: 3
    45: 2
    46: 0
    47: 0
    48: 0
    49: 0
    50: 0
    51: 0
    52: 0
    53: 0
    54: 0
    55: 0
    56: 0
    57: 0
    58: 0
    59: 0
    60: 0
    61: 0
    62: 0
    63: 0
    64: 0
    65: 0
    66: 0
    67: 0
    68: 0
    69: 0
    70: 0
    71: 0
    72: 0
    73: 0
    74: 0
    75: 0
    76: 0
    77: 0
    78: 0
    79: 0
    80: 0
    81: 0
    82: 0
    83: 0
    84: 0
    85: 0
    86: 0
    87: 0
    88: 0
    89: 0
    90: 0
    91: 0
    92: 0
    93: 0
    94: 0
    95: 0
    96: 0
    97: 0
    98: 0
    99: 0
  mem-1: # Memory controller stats
   rd: 175969 # Read requests
   wr: 138792 # Write requests
   rdlat: 18961173 # Total latency experienced by read requests
   wrlat: 16334251 # Total latency experienced by write requests
   rdhits: 260 # Read row hits
   wrhits: 18 # Write row hits
   mlh: # latency histogram for memory requests
    0: 0
    1: 0
    2: 0
    3: 0
    4: 0
    5: 0
    6: 0
    7: 0
    8: 0
    9: 2
    10: 170923
    11: 2100
    12: 573
    13: 632
    14: 261
    15: 61
    16: 47
    17: 56
    18: 73
    19: 55
    20: 80
    21: 104
    22: 96
    23: 51
    24: 56
    25: 53
    26: 49
    27: 51
    28: 48
    29: 56
    30: 46
    31: 46
    32: 51
    33: 51
    34: 50
    35: 48
    36: 47
    37: 56
    38: 45
    39: 50
    40: 45
    41: 2
    42: 2
    43: 0
    44: 2
    45: 1
    46: 0
    47: 0
    48: 0
    49: 0
    50: 0
    51: 0
    52: 0
    53: 0
    54: 0
    55: 0
    56: 0
    57: 0
    58: 0
    59: 0
    60: 0
    61: 0
    62: 0
    63: 0
    64: 0
    65: 0
    66: 0
    67: 0
    68: 0
    69: 0
    70: 0
    71: 0
    72: 0
    73: 0
    74: 0
    75: 0
    76: 0
    77: 0
    78: 0
    79: 0
    80: 0
    81: 0
    82: 0
    83: 0
    84: 0
    85: 0
    86: 0
    87: 0
    88: 0
    89: 0
    90: 0
    91: 0
    92: 0
    93: 0
    94: 0
    95: 0
    96: 0
    97: 0
    98: 0
    99: 0
  mem-2: # Memory controller stats
   rd: 175706 # Read requests
   wr: 138423 # Write requests
   rdlat: 18923009 # Total latency experienced by read requests
   wrlat: 16270576 # Total latency experienced by write requests
   rdhits: 220 # Read row hits
   wrhits: 20 # Write row hits
   mlh: # latency histogram for memory requests
    0: 0
    1: 0
    2: 0
    3: 0
    4: 0
    5: 0
    6: 0
    7: 0
    8: 0
    9: 0
    10: 170809
    11: 1992
    12: 560
    13: 616
    14: 310
    15: 48
    16: 56
    17: 69
    18: 69
    19: 66
    20: 75
    21: 78
    22: 91
    23: 59
    24: 46
    25: 53
    26: 52
    27: 36
    28: 40
    29: 46
    30: 47
    31: 52
    32: 62
    33: 45
    34: 51
    35: 49
    36: 55
    37: 48
    38: 38
    39: 48
    40: 26
    41: 0
    42: 3
    43: 3
    44: 4
    45: 4
    46: 0
    47: 0
    48: 0
    49: 0
    50: 0
    51: 0
    52: 0
    53: 0
    54: 0
    55: 0
    56: 0
    57: 0
    58: 0
    59: 0
    60: 0
    61: 0
    62: 0
    63: 0
    64: 0
    65: 0
    66: 0
    67: 0
    68: 0
    69: 0
    70: 0
    71: 0
    72: 0
    73: 0
    74: 0
    75: 0
    76: 0
    77: 0
    78: 0
    79: 0
    80: 0
    81: 0
    82: 0
    83: 0
    84: 0
    85: 0
    86: 0
    87: 0
    88: 0
    89: 0
    90: 0
    91: 0
    92: 0
    93: 0
    94: 0
    95: 0
    96: 0
    97: 0
    98: 0
    99: 0
  mem-3: # Memory controller stats
   rd: 176189 # Read requests
   wr: 138803 # Write requests
   rdlat: 19000334 # Total latency experienced by read requests
   wrlat: 16321245 # Total latency experienced by write requests
   rdhits: 251 # Read row hits
   wrhits: 10 # Write row hits
   mlh: # latency histogram for memory requests
    0: 0
    1: 0
    2: 0
    3: 0
    4: 0
    5: 0
    6: 0
    7: 0
    8: 0
    9: 4
    10: 171092
    11: 2097
    12: 584
    13: 611
    14: 255
    15: 55
    16: 63
    17: 78
    18: 75
    19: 59
    20: 78
    21: 97
    22: 61
    23: 70
    24: 43
    25: 42
    26: 43
    27: 39
    28: 55
    29: 62
    30: 50
    31: 78
    32: 51
    33: 43
    34: 63
    35: 53
    36: 72
    37: 65
    38: 51
    39: 49
    40: 33
    41: 3
    42: 0
    43: 11
    44: 2
    45: 1
    46: 1
    47: 0
    48: 0
    49: 0
    50: 0
    51: 0
    52: 0
    53: 0
    54: 0
    55: 0
    56: 0
    57: 0
    58: 0
    59: 0
    60: 0
    61: 0
    62: 0
    63: 0
    64: 0
    65: 0
    66: 0
    67: 0
    68: 0
    69: 0
    70: 0
    71: 0
    72: 0
    73: 0
    74: 0
    75: 0
    76: 0
    77: 0
    78: 0
    79: 0
    80: 0
    81: 0
    82: 0
    83: 0
    84: 0
    85: 0
    86: 0
    87: 0
    88: 0
    89: 0
    90: 0
    91: 0
    92: 0
    93: 0
    94: 0
    95: 0
    96: 0
    97: 0
    98: 0
    99: 0
 sched: # Scheduler stats
  thCr: 2 # Threads created
  thFn: 2 # Threads finished
  schedEvs: 2 # Schedule events
  waitEvs: 0 # Wait events
  handoffEvs: 0 # Handoff events
  sleepEvs: 0 # Sleep events
  idlePhases: 0 # Phases with no thread active
  idlePeriods: 0 # Periods with no thread active
  occHist: # Occupancy histogram
   0: 0
   1: 46
   2: 75803
  rqSzHist: # Run queue size histogram
   0: 75849
   1: 0
   2: 0
   3: 0
   4: 0
   5: 0
   6: 0
   7: 0
   8: 0
   9: 0
   10: 0
   11: 0
   12: 0
   13: 0
   14: 0
   15: 0
   16: 0
 procCycles: # Per-process unhalted core cycles
  0: 758261845
  1: 758265683
  2: 0
  3: 0
  4: 0
  5: 0
  6: 0
  7: 0
  8: 0
  9: 0
  10: 0
  11: 0
  12: 0
  13: 0
  14: 0
  15: 0
  16: 0
  17: 0
  18: 0
  19: 0
  20: 0
  21: 0
  22: 0
  23: 0
  24: 0
  25: 0
  26: 0
  27: 0
  28: 0
  29: 0
  30: 0
  31: 0
  32: 0
  33: 0
  34: 0
  35: 0
  36: 0
  37: 0
  38: 0
  39: 0
  40: 0
  41: 0
  42: 0
  43: 0
  44: 0
  45: 0
  46: 0
  47: 0
  48: 0
  49: 0
  50: 0
  51: 0
  52: 0
  53: 0
  54: 0
  55: 0
  56: 0
  57: 0
  58: 0
  59: 0
  60: 0
  61: 0
  62: 0
  63: 0
 procInstrs: # Per-process instructions
  0: 1000002998
  1: 1000002998
  2: 0
  3: 0
  4: 0
  5: 0
  6: 0
  7: 0
  8: 0
  9: 0
  10: 0
  11: 0
  12: 0
  13: 0
  14: 0
  15: 0
  16: 0
  17: 0
  18: 0
  19: 0
  20: 0
  21: 0
  22: 0
  23: 0
  24: 0
  25: 0
  26: 0
  27: 0
  28: 0
  29: 0
  30: 0
  31: 0
  32: 0
  33: 0
  34: 0
  35: 0
  36: 0
  37: 0
  38: 0
  39: 0
  40: 0
  41: 0
  42: 0
  43: 0
  44: 0
  45: 0
  46: 0
  47: 0
  48: 0
  49: 0
  50: 0
  51: 0
  52: 0
  53: 0
  54: 0
  55: 0
  56: 0
  57: 0
  58: 0
  59: 0
  60: 0
  61: 0
  62: 0
  63: 0
 heartbeats: # Per-process heartbeats
  0: 0
  1: 0
  2: 0
  3: 0
  4: 0
  5: 0
  6: 0
  7: 0
  8: 0
  9: 0
  10: 0
  11: 0
  12: 0
  13: 0
  14: 0
  15: 0
  16: 0
  17: 0
  18: 0
  19: 0
  20: 0
  21: 0
  22: 0
  23: 0
  24: 0
  25: 0
  26: 0
  27: 0
  28: 0
  29: 0
  30: 0
  31: 0
  32: 0
  33: 0
  34: 0
  35: 0
  36: 0
  37: 0
  38: 0
  39: 0
  40: 0
  41: 0
  42: 0
  43: 0
  44: 0
  45: 0
  46: 0
  47: 0
  48: 0
  49: 0
  50: 0
  51: 0
  52: 0
  53: 0
  54: 0
  55: 0
  56: 0
  57: 0
  58: 0
  59: 0
  60: 0
  61: 0
  62: 0
  63: 0
===
