# zsim stats
===
root: # Stats
 contention: # Contention simulation stats
  domain-0: # Domain stats
   time: 1632083594 # Weave simulation time
 time: # Simulator time breakdown
  init: 360751321
  bound: 131402115759
  weave: 4054731795
  ff: 0
 trigger: 20000 # Reason for this stats dump
 phase: 73081 # Simulated phases
 beefy: # Core stats
  beefy-0: # Core stats
   cycles: 730536570 # Simulated unhalted cycles
   cCycles: 22969998 # Cycles due to contention stalls
   instrs: 1000002998 # Simulated instructions
   uops: 1721893182 # Retired micro-ops
   bbls: 217996856 # Basic blocks
   approxInstrs: 19806 # Instrs with approx uop decoding
   mispredBranches: 2223705 # Mispredicted branches
  beefy-1: # Core stats
   cycles: 730564483 # Simulated unhalted cycles
   cCycles: 22892328 # Cycles due to contention stalls
   instrs: 1000002998 # Simulated instructions
   uops: 1721893182 # Retired micro-ops
   bbls: 217996856 # Basic blocks
   approxInstrs: 19806 # Instrs with approx uop decoding
   mispredBranches: 2223705 # Mispredicted branches
 l1d_beefy: # Cache stats
  l1d_beefy-0: # Filter cache stats
   fhGETS: 455616513 # Filtered GETS hits
   fhGETX: 196552116 # Filtered GETX hits
   hGETS: 42222218 # GETS hits
   hGETX: 25494401 # GETX hits
   mGETS: 7900455 # GETS misses
   mGETXIM: 5430043 # GETX I->M misses
   mGETXSM: 0 # GETX S->M misses (upgrade misses)
   PUTS: 0 # Clean evictions (from lower level)
   PUTX: 0 # Dirty evictions (from lower level)
   INV: 1 # Invalidates (from upper level)
   INVX: 0 # Downgrades (from upper level)
   FWD: 0 # Forwards (from upper level)
   latGETnl: 175164208 # GET request latency on next level
   latGETnet: 0 # GET request latency on network to next level
  l1d_beefy-1: # Filter cache stats
   fhGETS: 455616513 # Filtered GETS hits
   fhGETX: 196552116 # Filtered GETX hits
   hGETS: 42222218 # GETS hits
   hGETX: 25494401 # GETX hits
   mGETS: 7900455 # GETS misses
   mGETXIM: 5430043 # GETX I->M misses
   mGETXSM: 0 # GETX S->M misses (upgrade misses)
   PUTS: 0 # Clean evictions (from lower level)
   PUTX: 0 # Dirty evictions (from lower level)
   INV: 1 # Invalidates (from upper level)
   INVX: 0 # Downgrades (from upper level)
   FWD: 0 # Forwards (from upper level)
   latGETnl: 175353991 # GET request latency on next level
   latGETnet: 0 # GET request latency on network to next level
 l1i_beefy: # Cache stats
  l1i_beefy-0: # Filter cache stats
   fhGETS: 244990550 # Filtered GETS hits
   fhGETX: 0 # Filtered GETX hits
   hGETS: 8675752 # GETS hits
   hGETX: 0 # GETX hits
   mGETS: 484610 # GETS misses
   mGETXIM: 0 # GETX I->M misses
   mGETXSM: 0 # GETX S->M misses (upgrade misses)
   PUTS: 0 # Clean evictions (from lower level)
   PUTX: 0 # Dirty evictions (from lower level)
   INV: 82 # Invalidates (from upper level)
   INVX: 0 # Downgrades (from upper level)
   FWD: 0 # Forwards (from upper level)
   latGETnl: 11319749 # GET request latency on next level
   latGETnet: 0 # GET request latency on network to next level
  l1i_beefy-1: # Filter cache stats
   fhGETS: 244990467 # Filtered GETS hits
   fhGETX: 0 # Filtered GETX hits
   hGETS: 8675624 # GETS hits
   hGETX: 0 # GETX hits
   mGETS: 484628 # GETS misses
   mGETXIM: 0 # GETX I->M misses
   mGETXSM: 0 # GETX S->M misses (upgrade misses)
   PUTS: 0 # Clean evictions (from lower level)
   PUTX: 0 # Dirty evictions (from lower level)
   INV: 81 # Invalidates (from upper level)
   INVX: 0 # Downgrades (from upper level)
   FWD: 0 # Forwards (from upper level)
   latGETnl: 11260742 # GET request latency on next level
   latGETnet: 0 # GET request latency on network to next level
 l2_beefy: # Cache stats
  l2_beefy-0: # Cache stats
   hGETS: 7450025 # GETS hits
   hGETX: 4833280 # GETX hits
   mGETS: 935040 # GETS misses
   mGETXIM: 596763 # GETX I->M misses
   mGETXSM: 0 # GETX S->M misses (upgrade misses)
   PUTS: 6537831 # Clean evictions (from lower level)
   PUTX: 7276170 # Dirty evictions (from lower level)
   INV: 1 # Invalidates (from upper level)
   INVX: 0 # Downgrades (from upper level)
   FWD: 0 # Forwards (from upper level)
   latGETnl: 89778201 # GET request latency on next level
   latGETnet: 0 # GET request latency on network to next level
  l2_beefy-1: # Cache stats
   hGETS: 7450061 # GETS hits
   hGETX: 4833280 # GETX hits
   mGETS: 935022 # GETS misses
   mGETXIM: 596763 # GETX I->M misses
   mGETXSM: 0 # GETX S->M misses (upgrade misses)
   PUTS: 6537850 # Clean evictions (from lower level)
   PUTX: 7276170 # Dirty evictions (from lower level)
   INV: 0 # Invalidates (from upper level)
   INVX: 0 # Downgrades (from upper level)
   FWD: 0 # Forwards (from upper level)
   latGETnl: 89908851 # GET request latency on next level
   latGETnet: 0 # GET request latency on network to next level
 l3: # Cache stats
  l3-0b0: # Cache stats
   hGETS: 263752 # GETS hits
   hGETX: 121221 # GETX hits
   mGETS: 204821 # GETS misses
   mGETXIM: 177266 # GETX I->M misses
   mGETXSM: 0 # GETX S->M misses (upgrade misses)
   PUTS: 449500 # Clean evictions (from lower level)
   PUTX: 315490 # Dirty evictions (from lower level)
   INV: 0 # Invalidates (from upper level)
   INVX: 0 # Downgrades (from upper level)
   FWD: 0 # Forwards (from upper level)
   latGETnl: 24453568 # GET request latency on next level
   latGETnet: 0 # GET request latency on network to next level
  l3-0b1: # Cache stats
   hGETS: 265475 # GETS hits
   hGETX: 121744 # GETX hits
   mGETS: 202263 # GETS misses
   mGETXIM: 176472 # GETX I->M misses
   mGETXSM: 0 # GETX S->M misses (upgrade misses)
   PUTS: 448241 # Clean evictions (from lower level)
   PUTX: 315656 # Dirty evictions (from lower level)
   INV: 0 # Invalidates (from upper level)
   INVX: 0 # Downgrades (from upper level)
   FWD: 0 # Forwards (from upper level)
   latGETnl: 24239040 # GET request latency on next level
   latGETnet: 0 # GET request latency on network to next level
  l3-0b2: # Cache stats
   hGETS: 264743 # GETS hits
   hGETX: 123432 # GETX hits
   mGETS: 200912 # GETS misses
   mGETXIM: 174305 # GETX I->M misses
   mGETXSM: 0 # GETX S->M misses (upgrade misses)
   PUTS: 445244 # Clean evictions (from lower level)
   PUTX: 316124 # Dirty evictions (from lower level)
   INV: 0 # Invalidates (from upper level)
   INVX: 0 # Downgrades (from upper level)
   FWD: 0 # Forwards (from upper level)
   latGETnl: 24013888 # GET request latency on next level
   latGETnet: 0 # GET request latency on network to next level
  l3-0b3: # Cache stats
   hGETS: 265068 # GETS hits
   hGETX: 122994 # GETX hits
   mGETS: 203028 # GETS misses
   mGETXIM: 176092 # GETX I->M misses
   mGETXSM: 0 # GETX S->M misses (upgrade misses)
   PUTS: 448227 # Clean evictions (from lower level)
   PUTX: 316913 # Dirty evictions (from lower level)
   INV: 0 # Invalidates (from upper level)
   INVX: 0 # Downgrades (from upper level)
   FWD: 0 # Forwards (from upper level)
   latGETnl: 24263680 # GET request latency on next level
   latGETnet: 0 # GET request latency on network to next level
 mem: # Memory controller stats
  mem-0: # Memory controller stats
   rd: 377721 # Read requests
   wr: 226979 # Write requests
   rdlat: 41021299 # Total latency experienced by read requests
   wrlat: 29262837 # Total latency experienced by write requests
   rdhits: 483 # Read row hits
   wrhits: 438 # Write row hits
   mlh: # latency histogram for memory requests
    0: 0
    1: 0
    2: 0
    3: 0
    4: 0
    5: 0
    6: 0
    7: 0
    8: 0
    9: 21
    10: 358108
    11: 4960
    12: 5409
    13: 3066
    14: 1217
    15: 402
    16: 341
    17: 491
    18: 424
    19: 355
    20: 326
    21: 373
    22: 296
    23: 151
    24: 92
    25: 69
    26: 93
    27: 84
    28: 111
    29: 95
    30: 107
    31: 122
    32: 111
    33: 93
    34: 116
    35: 98
    36: 134
    37: 101
    38: 107
    39: 102
    40: 75
    41: 13
    42: 13
    43: 11
    44: 6
    45: 7
    46: 6
    47: 2
    48: 1
    49: 7
    50: 0
    51: 1
    52: 0
    53: 1
    54: 2
    55: 0
    56: 1
    57: 0
    58: 0
    59: 0
    60: 0
    61: 0
    62: 0
    63: 0
    64: 0
    65: 0
    66: 0
    67: 0
    68: 0
    69: 0
    70: 0
    71: 0
    72: 0
    73: 0
    74: 0
    75: 0
    76: 0
    77: 0
    78: 0
    79: 0
    80: 0
    81: 0
    82: 0
    83: 0
    84: 0
    85: 0
    86: 0
    87: 0
    88: 0
    89: 0
    90: 0
    91: 0
    92: 0
    93: 0
    94: 0
    95: 0
    96: 0
    97: 0
    98: 0
    99: 0
  mem-1: # Memory controller stats
   rd: 381178 # Read requests
   wr: 227780 # Write requests
   rdlat: 41407560 # Total latency experienced by read requests
   wrlat: 29137500 # Total latency experienced by write requests
   rdhits: 547 # Read row hits
   wrhits: 418 # Write row hits
   mlh: # latency histogram for memory requests
    0: 0
    1: 0
    2: 0
    3: 0
    4: 0
    5: 0
    6: 0
    7: 0
    8: 0
    9: 1
    10: 361551
    11: 5068
    12: 5672
    13: 2554
    14: 1137
    15: 536
    16: 344
    17: 434
    18: 335
    19: 414
    20: 377
    21: 305
    22: 378
    23: 161
    24: 93
    25: 91
    26: 97
    27: 100
    28: 103
    29: 95
    30: 111
    31: 138
    32: 115
    33: 114
    34: 122
    35: 109
    36: 121
    37: 127
    38: 115
    39: 116
    40: 75
    41: 7
    42: 18
    43: 14
    44: 7
    45: 5
    46: 5
    47: 3
    48: 4
    49: 2
    50: 1
    51: 1
    52: 1
    53: 1
    54: 0
    55: 0
    56: 0
    57: 0
    58: 0
    59: 0
    60: 0
    61: 0
    62: 0
    63: 0
    64: 0
    65: 0
    66: 0
    67: 0
    68: 0
    69: 0
    70: 0
    71: 0
    72: 0
    73: 0
    74: 0
    75: 0
    76: 0
    77: 0
    78: 0
    79: 0
    80: 0
    81: 0
    82: 0
    83: 0
    84: 0
    85: 0
    86: 0
    87: 0
    88: 0
    89: 0
    90: 0
    91: 0
    92: 0
    93: 0
    94: 0
    95: 0
    96: 0
    97: 0
    98: 0
    99: 0
  mem-2: # Memory controller stats
   rd: 379554 # Read requests
   wr: 227224 # Write requests
   rdlat: 41333282 # Total latency experienced by read requests
   wrlat: 29303397 # Total latency experienced by write requests
   rdhits: 994 # Read row hits
   wrhits: 434 # Write row hits
   mlh: # latency histogram for memory requests
    0: 0
    1: 0
    2: 0
    3: 0
    4: 0
    5: 0
    6: 0
    7: 0
    8: 0
    9: 8
    10: 359265
    11: 5023
    12: 5264
    13: 3282
    14: 1135
    15: 462
    16: 415
    17: 356
    18: 422
    19: 403
    20: 306
    21: 364
    22: 328
    23: 243
    24: 117
    25: 130
    26: 156
    27: 137
    28: 148
    29: 118
    30: 122
    31: 156
    32: 123
    33: 123
    34: 166
    35: 131
    36: 123
    37: 137
    38: 93
    39: 122
    40: 104
    41: 11
    42: 8
    43: 13
    44: 6
    45: 8
    46: 7
    47: 4
    48: 3
    49: 2
    50: 2
    51: 3
    52: 2
    53: 0
    54: 3
    55: 0
    56: 0
    57: 0
    58: 0
    59: 0
    60: 0
    61: 0
    62: 0
    63: 0
    64: 0
    65: 0
    66: 0
    67: 0
    68: 0
    69: 0
    70: 0
    71: 0
    72: 0
    73: 0
    74: 0
    75: 0
    76: 0
    77: 0
    78: 0
    79: 0
    80: 0
    81: 0
    82: 0
    83: 0
    84: 0
    85: 0
    86: 0
    87: 0
    88: 0
    89: 0
    90: 0
    91: 0
    92: 0
    93: 0
    94: 0
    95: 0
    96: 0
    97: 0
    98: 0
    99: 0
  mem-3: # Memory controller stats
   rd: 376706 # Read requests
   wr: 228317 # Write requests
   rdlat: 40903706 # Total latency experienced by read requests
   wrlat: 29132295 # Total latency experienced by write requests
   rdhits: 320 # Read row hits
   wrhits: 357 # Write row hits
   mlh: # latency histogram for memory requests
    0: 0
    1: 0
    2: 0
    3: 0
    4: 0
    5: 0
    6: 0
    7: 0
    8: 0
    9: 6
    10: 358206
    11: 4735
    12: 4950
    13: 2848
    14: 1062
    15: 495
    16: 312
    17: 407
    18: 397
    19: 260
    20: 244
    21: 355
    22: 298
    23: 182
    24: 81
    25: 103
    26: 116
    27: 91
    28: 112
    29: 99
    30: 113
    31: 121
    32: 115
    33: 118
    34: 126
    35: 110
    36: 150
    37: 128
    38: 102
    39: 99
    40: 101
    41: 9
    42: 12
    43: 10
    44: 8
    45: 4
    46: 10
    47: 5
    48: 2
    49: 1
    50: 2
    51: 1
    52: 0
    53: 0
    54: 0
    55: 0
    56: 0
    57: 0
    58: 0
    59: 0
    60: 0
    61: 0
    62: 0
    63: 0
    64: 0
    65: 0
    66: 0
    67: 0
    68: 0
    69: 0
    70: 0
    71: 0
    72: 0
    73: 0
    74: 0
    75: 0
    76: 0
    77: 0
    78: 0
    79: 0
    80: 0
    81: 0
    82: 0
    83: 0
    84: 0
    85: 0
    86: 0
    87: 0
    88: 0
    89: 0
    90: 0
    91: 0
    92: 0
    93: 0
    94: 0
    95: 0
    96: 0
    97: 0
    98: 0
    99: 0
 sched: # Scheduler stats
  thCr: 2 # Threads created
  thFn: 2 # Threads finished
  schedEvs: 2 # Schedule events
  waitEvs: 0 # Wait events
  handoffEvs: 0 # Handoff events
  sleepEvs: 0 # Sleep events
  idlePhases: 0 # Phases with no thread active
  idlePeriods: 0 # Periods with no thread active
  occHist: # Occupancy histogram
   0: 0
   1: 52
   2: 73029
  rqSzHist: # Run queue size histogram
   0: 73081
   1: 0
   2: 0
   3: 0
   4: 0
   5: 0
   6: 0
   7: 0
   8: 0
   9: 0
   10: 0
   11: 0
   12: 0
   13: 0
   14: 0
   15: 0
   16: 0
 procCycles: # Per-process unhalted core cycles
  0: 730536570
  1: 730564483
  2: 0
  3: 0
  4: 0
  5: 0
  6: 0
  7: 0
  8: 0
  9: 0
  10: 0
  11: 0
  12: 0
  13: 0
  14: 0
  15: 0
  16: 0
  17: 0
  18: 0
  19: 0
  20: 0
  21: 0
  22: 0
  23: 0
  24: 0
  25: 0
  26: 0
  27: 0
  28: 0
  29: 0
  30: 0
  31: 0
  32: 0
  33: 0
  34: 0
  35: 0
  36: 0
  37: 0
  38: 0
  39: 0
  40: 0
  41: 0
  42: 0
  43: 0
  44: 0
  45: 0
  46: 0
  47: 0
  48: 0
  49: 0
  50: 0
  51: 0
  52: 0
  53: 0
  54: 0
  55: 0
  56: 0
  57: 0
  58: 0
  59: 0
  60: 0
  61: 0
  62: 0
  63: 0
 procInstrs: # Per-process instructions
  0: 1000002998
  1: 1000002998
  2: 0
  3: 0
  4: 0
  5: 0
  6: 0
  7: 0
  8: 0
  9: 0
  10: 0
  11: 0
  12: 0
  13: 0
  14: 0
  15: 0
  16: 0
  17: 0
  18: 0
  19: 0
  20: 0
  21: 0
  22: 0
  23: 0
  24: 0
  25: 0
  26: 0
  27: 0
  28: 0
  29: 0
  30: 0
  31: 0
  32: 0
  33: 0
  34: 0
  35: 0
  36: 0
  37: 0
  38: 0
  39: 0
  40: 0
  41: 0
  42: 0
  43: 0
  44: 0
  45: 0
  46: 0
  47: 0
  48: 0
  49: 0
  50: 0
  51: 0
  52: 0
  53: 0
  54: 0
  55: 0
  56: 0
  57: 0
  58: 0
  59: 0
  60: 0
  61: 0
  62: 0
  63: 0
 heartbeats: # Per-process heartbeats
  0: 0
  1: 0
  2: 0
  3: 0
  4: 0
  5: 0
  6: 0
  7: 0
  8: 0
  9: 0
  10: 0
  11: 0
  12: 0
  13: 0
  14: 0
  15: 0
  16: 0
  17: 0
  18: 0
  19: 0
  20: 0
  21: 0
  22: 0
  23: 0
  24: 0
  25: 0
  26: 0
  27: 0
  28: 0
  29: 0
  30: 0
  31: 0
  32: 0
  33: 0
  34: 0
  35: 0
  36: 0
  37: 0
  38: 0
  39: 0
  40: 0
  41: 0
  42: 0
  43: 0
  44: 0
  45: 0
  46: 0
  47: 0
  48: 0
  49: 0
  50: 0
  51: 0
  52: 0
  53: 0
  54: 0
  55: 0
  56: 0
  57: 0
  58: 0
  59: 0
  60: 0
  61: 0
  62: 0
  63: 0
===
