# zsim stats
===
root: # Stats
 contention: # Contention simulation stats
  domain-0: # Domain stats
   time: 818649526 # Weave simulation time
 time: # Simulator time breakdown
  init: 252307923
  bound: 125398715540
  weave: 3961579303
  ff: 0
 trigger: 20000 # Reason for this stats dump
 phase: 94820 # Simulated phases
 beefy: # Core stats
  beefy-0: # Core stats
   cycles: 948040525 # Simulated unhalted cycles
   cCycles: 5772104 # Cycles due to contention stalls
   instrs: 1000002996 # Simulated instructions
   uops: 1162089073 # Retired micro-ops
   bbls: 181566303 # Basic blocks
   approxInstrs: 22415 # Instrs with approx uop decoding
   mispredBranches: 23411586 # Mispredicted branches
  beefy-1: # Core stats
   cycles: 948019617 # Simulated unhalted cycles
   cCycles: 5752264 # Cycles due to contention stalls
   instrs: 1000002996 # Simulated instructions
   uops: 1162089073 # Retired micro-ops
   bbls: 181566303 # Basic blocks
   approxInstrs: 22415 # Instrs with approx uop decoding
   mispredBranches: 23411586 # Mispredicted branches
 l1d_beefy: # Cache stats
  l1d_beefy-0: # Filter cache stats
   fhGETS: 227971329 # Filtered GETS hits
   fhGETX: 120430120 # Filtered GETX hits
   hGETS: 32177477 # GETS hits
   hGETX: 24258406 # GETX hits
   mGETS: 1718232 # GETS misses
   mGETXIM: 1414037 # GETX I->M misses
   mGETXSM: 0 # GETX S->M misses (upgrade misses)
   PUTS: 0 # Clean evictions (from lower level)
   PUTX: 0 # Dirty evictions (from lower level)
   INV: 23 # Invalidates (from upper level)
   INVX: 0 # Downgrades (from upper level)
   FWD: 0 # Forwards (from upper level)
   latGETnl: 50743720 # GET request latency on next level
   latGETnet: 0 # GET request latency on network to next level
  l1d_beefy-1: # Filter cache stats
   fhGETS: 227971329 # Filtered GETS hits
   fhGETX: 120430120 # Filtered GETX hits
   hGETS: 32177477 # GETS hits
   hGETX: 24258406 # GETX hits
   mGETS: 1718232 # GETS misses
   mGETXIM: 1414037 # GETX I->M misses
   mGETXSM: 0 # GETX S->M misses (upgrade misses)
   PUTS: 0 # Clean evictions (from lower level)
   PUTX: 0 # Dirty evictions (from lower level)
   INV: 23 # Invalidates (from upper level)
   INVX: 0 # Downgrades (from upper level)
   FWD: 0 # Forwards (from upper level)
   latGETnl: 50765463 # GET request latency on next level
   latGETnet: 0 # GET request latency on network to next level
 l1i_beefy: # Cache stats
  l1i_beefy-0: # Filter cache stats
   fhGETS: 232621289 # Filtered GETS hits
   fhGETX: 0 # Filtered GETX hits
   hGETS: 55293486 # GETS hits
   hGETX: 0 # GETX hits
   mGETS: 13640422 # GETS misses
   mGETXIM: 0 # GETX I->M misses
   mGETXSM: 0 # GETX S->M misses (upgrade misses)
   PUTS: 0 # Clean evictions (from lower level)
   PUTX: 0 # Dirty evictions (from lower level)
   INV: 31 # Invalidates (from upper level)
   INVX: 0 # Downgrades (from upper level)
   FWD: 0 # Forwards (from upper level)
   latGETnl: 101838758 # GET request latency on next level
   latGETnet: 0 # GET request latency on network to next level
  l1i_beefy-1: # Filter cache stats
   fhGETS: 232621294 # Filtered GETS hits
   fhGETX: 0 # Filtered GETX hits
   hGETS: 55293517 # GETS hits
   hGETX: 0 # GETX hits
   mGETS: 13640391 # GETS misses
   mGETXIM: 0 # GETX I->M misses
   mGETXSM: 0 # GETX S->M misses (upgrade misses)
   PUTS: 0 # Clean evictions (from lower level)
   PUTX: 0 # Dirty evictions (from lower level)
   INV: 31 # Invalidates (from upper level)
   INVX: 0 # Downgrades (from upper level)
   FWD: 0 # Forwards (from upper level)
   latGETnl: 101828816 # GET request latency on next level
   latGETnet: 0 # GET request latency on network to next level
 l2_beefy: # Cache stats
  l2_beefy-0: # Cache stats
   hGETS: 14676293 # GETS hits
   hGETX: 1214243 # GETX hits
   mGETS: 682361 # GETS misses
   mGETXIM: 199794 # GETX I->M misses
   mGETXSM: 0 # GETX S->M misses (upgrade misses)
   PUTS: 14861991 # Clean evictions (from lower level)
   PUTX: 1909622 # Dirty evictions (from lower level)
   INV: 0 # Invalidates (from upper level)
   INVX: 0 # Downgrades (from upper level)
   FWD: 0 # Forwards (from upper level)
   latGETnl: 35173641 # GET request latency on next level
   latGETnet: 0 # GET request latency on network to next level
  l2_beefy-1: # Cache stats
   hGETS: 14676269 # GETS hits
   hGETX: 1214246 # GETX hits
   mGETS: 682354 # GETS misses
   mGETXIM: 199791 # GETX I->M misses
   mGETXSM: 0 # GETX S->M misses (upgrade misses)
   PUTS: 14861960 # Clean evictions (from lower level)
   PUTX: 1909622 # Dirty evictions (from lower level)
   INV: 0 # Invalidates (from upper level)
   INVX: 0 # Downgrades (from upper level)
   FWD: 0 # Forwards (from upper level)
   latGETnl: 35185659 # GET request latency on next level
   latGETnet: 0 # GET request latency on network to next level
 l3: # Cache stats
  l3-0b0: # Cache stats
   hGETS: 260028 # GETS hits
   hGETX: 88851 # GETX hits
   mGETS: 77281 # GETS misses
   mGETXIM: 11732 # GETX I->M misses
   mGETXSM: 0 # GETX S->M misses (upgrade misses)
   PUTS: 236859 # Clean evictions (from lower level)
   PUTX: 199001 # Dirty evictions (from lower level)
   INV: 0 # Invalidates (from upper level)
   INVX: 0 # Downgrades (from upper level)
   FWD: 0 # Forwards (from upper level)
   latGETnl: 5696832 # GET request latency on next level
   latGETnet: 0 # GET request latency on network to next level
  l3-0b1: # Cache stats
   hGETS: 263713 # GETS hits
   hGETX: 87093 # GETX hits
   mGETS: 76535 # GETS misses
   mGETXIM: 11594 # GETX I->M misses
   mGETXSM: 0 # GETX S->M misses (upgrade misses)
   PUTS: 236832 # Clean evictions (from lower level)
   PUTX: 200061 # Dirty evictions (from lower level)
   INV: 0 # Invalidates (from upper level)
   INVX: 0 # Downgrades (from upper level)
   FWD: 0 # Forwards (from upper level)
   latGETnl: 5640256 # GET request latency on next level
   latGETnet: 0 # GET request latency on network to next level
  l3-0b2: # Cache stats
   hGETS: 267120 # GETS hits
   hGETX: 89202 # GETX hits
   mGETS: 77479 # GETS misses
   mGETXIM: 11683 # GETX I->M misses
   mGETXSM: 0 # GETX S->M misses (upgrade misses)
   PUTS: 242273 # Clean evictions (from lower level)
   PUTX: 201171 # Dirty evictions (from lower level)
   INV: 0 # Invalidates (from upper level)
   INVX: 0 # Downgrades (from upper level)
   FWD: 0 # Forwards (from upper level)
   latGETnl: 5706368 # GET request latency on next level
   latGETnet: 0 # GET request latency on network to next level
  l3-0b3: # Cache stats
   hGETS: 265572 # GETS hits
   hGETX: 87671 # GETX hits
   mGETS: 76987 # GETS misses
   mGETXIM: 11759 # GETX I->M misses
   mGETXSM: 0 # GETX S->M misses (upgrade misses)
   PUTS: 240991 # Clean evictions (from lower level)
   PUTX: 198920 # Dirty evictions (from lower level)
   INV: 0 # Invalidates (from upper level)
   INVX: 0 # Downgrades (from upper level)
   FWD: 0 # Forwards (from upper level)
   latGETnl: 5679744 # GET request latency on next level
   latGETnet: 0 # GET request latency on network to next level
 mem: # Memory controller stats
  mem-0: # Memory controller stats
   rd: 88789 # Read requests
   wr: 65288 # Write requests
   rdlat: 9630179 # Total latency experienced by read requests
   wrlat: 7723297 # Total latency experienced by write requests
   rdhits: 107 # Read row hits
   wrhits: 26 # Write row hits
   mlh: # latency histogram for memory requests
    0: 0
    1: 0
    2: 0
    3: 0
    4: 0
    5: 0
    6: 0
    7: 0
    8: 0
    9: 18
    10: 84009
    11: 1371
    12: 1356
    13: 693
    14: 418
    15: 91
    16: 66
    17: 76
    18: 56
    19: 68
    20: 43
    21: 59
    22: 52
    23: 22
    24: 14
    25: 17
    26: 23
    27: 22
    28: 23
    29: 27
    30: 33
    31: 23
    32: 21
    33: 21
    34: 19
    35: 23
    36: 23
    37: 26
    38: 21
    39: 34
    40: 14
    41: 2
    42: 0
    43: 1
    44: 1
    45: 1
    46: 1
    47: 0
    48: 1
    49: 0
    50: 0
    51: 0
    52: 0
    53: 0
    54: 0
    55: 0
    56: 0
    57: 0
    58: 0
    59: 0
    60: 0
    61: 0
    62: 0
    63: 0
    64: 0
    65: 0
    66: 0
    67: 0
    68: 0
    69: 0
    70: 0
    71: 0
    72: 0
    73: 0
    74: 0
    75: 0
    76: 0
    77: 0
    78: 0
    79: 0
    80: 0
    81: 0
    82: 0
    83: 0
    84: 0
    85: 0
    86: 0
    87: 0
    88: 0
    89: 0
    90: 0
    91: 0
    92: 0
    93: 0
    94: 0
    95: 0
    96: 0
    97: 0
    98: 0
    99: 0
  mem-1: # Memory controller stats
   rd: 88936 # Read requests
   wr: 65255 # Write requests
   rdlat: 9663772 # Total latency experienced by read requests
   wrlat: 7734512 # Total latency experienced by write requests
   rdhits: 91 # Read row hits
   wrhits: 26 # Write row hits
   mlh: # latency histogram for memory requests
    0: 0
    1: 0
    2: 0
    3: 0
    4: 0
    5: 0
    6: 0
    7: 0
    8: 0
    9: 8
    10: 83860
    11: 1518
    12: 1408
    13: 690
    14: 406
    15: 105
    16: 79
    17: 84
    18: 61
    19: 95
    20: 43
    21: 50
    22: 56
    23: 38
    24: 18
    25: 20
    26: 18
    27: 27
    28: 21
    29: 24
    30: 17
    31: 35
    32: 32
    33: 25
    34: 29
    35: 28
    36: 21
    37: 31
    38: 30
    39: 28
    40: 20
    41: 2
    42: 2
    43: 0
    44: 3
    45: 3
    46: 0
    47: 0
    48: 0
    49: 0
    50: 0
    51: 1
    52: 0
    53: 0
    54: 0
    55: 0
    56: 0
    57: 0
    58: 0
    59: 0
    60: 0
    61: 0
    62: 0
    63: 0
    64: 0
    65: 0
    66: 0
    67: 0
    68: 0
    69: 0
    70: 0
    71: 0
    72: 0
    73: 0
    74: 0
    75: 0
    76: 0
    77: 0
    78: 0
    79: 0
    80: 0
    81: 0
    82: 0
    83: 0
    84: 0
    85: 0
    86: 0
    87: 0
    88: 0
    89: 0
    90: 0
    91: 0
    92: 0
    93: 0
    94: 0
    95: 0
    96: 0
    97: 0
    98: 0
    99: 0
  mem-2: # Memory controller stats
   rd: 88397 # Read requests
   wr: 64933 # Write requests
   rdlat: 9598046 # Total latency experienced by read requests
   wrlat: 7683895 # Total latency experienced by write requests
   rdhits: 88 # Read row hits
   wrhits: 22 # Write row hits
   mlh: # latency histogram for memory requests
    0: 0
    1: 0
    2: 0
    3: 0
    4: 0
    5: 0
    6: 0
    7: 0
    8: 1
    9: 7
    10: 83486
    11: 1426
    12: 1399
    13: 684
    14: 424
    15: 87
    16: 68
    17: 92
    18: 66
    19: 61
    20: 47
    21: 48
    22: 45
    23: 32
    24: 15
    25: 22
    26: 17
    27: 23
    28: 28
    29: 32
    30: 23
    31: 25
    32: 27
    33: 19
    34: 31
    35: 27
    36: 26
    37: 33
    38: 19
    39: 24
    40: 22
    41: 4
    42: 1
    43: 0
    44: 3
    45: 1
    46: 1
    47: 1
    48: 0
    49: 0
    50: 0
    51: 0
    52: 0
    53: 0
    54: 0
    55: 0
    56: 0
    57: 0
    58: 0
    59: 0
    60: 0
    61: 0
    62: 0
    63: 0
    64: 0
    65: 0
    66: 0
    67: 0
    68: 0
    69: 0
    70: 0
    71: 0
    72: 0
    73: 0
    74: 0
    75: 0
    76: 0
    77: 0
    78: 0
    79: 0
    80: 0
    81: 0
    82: 0
    83: 0
    84: 0
    85: 0
    86: 0
    87: 0
    88: 0
    89: 0
    90: 0
    91: 0
    92: 0
    93: 0
    94: 0
    95: 0
    96: 0
    97: 0
    98: 0
    99: 0
  mem-3: # Memory controller stats
   rd: 88926 # Read requests
   wr: 65080 # Write requests
   rdlat: 9651803 # Total latency experienced by read requests
   wrlat: 7716375 # Total latency experienced by write requests
   rdhits: 98 # Read row hits
   wrhits: 30 # Write row hits
   mlh: # latency histogram for memory requests
    0: 0
    1: 0
    2: 0
    3: 0
    4: 0
    5: 0
    6: 0
    7: 0
    8: 0
    9: 11
    10: 83937
    11: 1453
    12: 1409
    13: 742
    14: 415
    15: 79
    16: 101
    17: 90
    18: 70
    19: 64
    20: 36
    21: 41
    22: 44
    23: 30
    24: 27
    25: 15
    26: 18
    27: 22
    28: 14
    29: 20
    30: 33
    31: 28
    32: 24
    33: 29
    34: 15
    35: 25
    36: 23
    37: 24
    38: 27
    39: 22
    40: 25
    41: 4
    42: 4
    43: 2
    44: 2
    45: 1
    46: 0
    47: 0
    48: 0
    49: 0
    50: 0
    51: 0
    52: 0
    53: 0
    54: 0
    55: 0
    56: 0
    57: 0
    58: 0
    59: 0
    60: 0
    61: 0
    62: 0
    63: 0
    64: 0
    65: 0
    66: 0
    67: 0
    68: 0
    69: 0
    70: 0
    71: 0
    72: 0
    73: 0
    74: 0
    75: 0
    76: 0
    77: 0
    78: 0
    79: 0
    80: 0
    81: 0
    82: 0
    83: 0
    84: 0
    85: 0
    86: 0
    87: 0
    88: 0
    89: 0
    90: 0
    91: 0
    92: 0
    93: 0
    94: 0
    95: 0
    96: 0
    97: 0
    98: 0
    99: 0
 sched: # Scheduler stats
  thCr: 2 # Threads created
  thFn: 2 # Threads finished
  schedEvs: 2 # Schedule events
  waitEvs: 0 # Wait events
  handoffEvs: 0 # Handoff events
  sleepEvs: 0 # Sleep events
  idlePhases: 0 # Phases with no thread active
  idlePeriods: 0 # Periods with no thread active
  occHist: # Occupancy histogram
   0: 0
   1: 34
   2: 94786
  rqSzHist: # Run queue size histogram
   0: 94820
   1: 0
   2: 0
   3: 0
   4: 0
   5: 0
   6: 0
   7: 0
   8: 0
   9: 0
   10: 0
   11: 0
   12: 0
   13: 0
   14: 0
   15: 0
   16: 0
 procCycles: # Per-process unhalted core cycles
  0: 948040525
  1: 948019617
  2: 0
  3: 0
  4: 0
  5: 0
  6: 0
  7: 0
  8: 0
  9: 0
  10: 0
  11: 0
  12: 0
  13: 0
  14: 0
  15: 0
  16: 0
  17: 0
  18: 0
  19: 0
  20: 0
  21: 0
  22: 0
  23: 0
  24: 0
  25: 0
  26: 0
  27: 0
  28: 0
  29: 0
  30: 0
  31: 0
  32: 0
  33: 0
  34: 0
  35: 0
  36: 0
  37: 0
  38: 0
  39: 0
  40: 0
  41: 0
  42: 0
  43: 0
  44: 0
  45: 0
  46: 0
  47: 0
  48: 0
  49: 0
  50: 0
  51: 0
  52: 0
  53: 0
  54: 0
  55: 0
  56: 0
  57: 0
  58: 0
  59: 0
  60: 0
  61: 0
  62: 0
  63: 0
 procInstrs: # Per-process instructions
  0: 1000002996
  1: 1000002996
  2: 0
  3: 0
  4: 0
  5: 0
  6: 0
  7: 0
  8: 0
  9: 0
  10: 0
  11: 0
  12: 0
  13: 0
  14: 0
  15: 0
  16: 0
  17: 0
  18: 0
  19: 0
  20: 0
  21: 0
  22: 0
  23: 0
  24: 0
  25: 0
  26: 0
  27: 0
  28: 0
  29: 0
  30: 0
  31: 0
  32: 0
  33: 0
  34: 0
  35: 0
  36: 0
  37: 0
  38: 0
  39: 0
  40: 0
  41: 0
  42: 0
  43: 0
  44: 0
  45: 0
  46: 0
  47: 0
  48: 0
  49: 0
  50: 0
  51: 0
  52: 0
  53: 0
  54: 0
  55: 0
  56: 0
  57: 0
  58: 0
  59: 0
  60: 0
  61: 0
  62: 0
  63: 0
 heartbeats: # Per-process heartbeats
  0: 0
  1: 0
  2: 0
  3: 0
  4: 0
  5: 0
  6: 0
  7: 0
  8: 0
  9: 0
  10: 0
  11: 0
  12: 0
  13: 0
  14: 0
  15: 0
  16: 0
  17: 0
  18: 0
  19: 0
  20: 0
  21: 0
  22: 0
  23: 0
  24: 0
  25: 0
  26: 0
  27: 0
  28: 0
  29: 0
  30: 0
  31: 0
  32: 0
  33: 0
  34: 0
  35: 0
  36: 0
  37: 0
  38: 0
  39: 0
  40: 0
  41: 0
  42: 0
  43: 0
  44: 0
  45: 0
  46: 0
  47: 0
  48: 0
  49: 0
  50: 0
  51: 0
  52: 0
  53: 0
  54: 0
  55: 0
  56: 0
  57: 0
  58: 0
  59: 0
  60: 0
  61: 0
  62: 0
  63: 0
===
