# zsim stats
===
root: # Stats
 contention: # Contention simulation stats
  domain-0: # Domain stats
   time: 10264024101 # Weave simulation time
 time: # Simulator time breakdown
  init: 119160894
  bound: 156715603441
  weave: 14750423633
  ff: 0
 trigger: 20000 # Reason for this stats dump
 phase: 91937 # Simulated phases
 beefy: # Core stats
  beefy-0: # Core stats
   cycles: 914245605 # Simulated unhalted cycles
   cCycles: 149360103 # Cycles due to contention stalls
   instrs: 1000002960 # Simulated instructions
   uops: 1170036776 # Retired micro-ops
   bbls: 55871291 # Basic blocks
   approxInstrs: 79255113 # Instrs with approx uop decoding
   mispredBranches: 654981 # Mispredicted branches
  beefy-1: # Core stats
   cycles: 914484287 # Simulated unhalted cycles
   cCycles: 149444624 # Cycles due to contention stalls
   instrs: 1000002960 # Simulated instructions
   uops: 1170036776 # Retired micro-ops
   bbls: 55871291 # Basic blocks
   approxInstrs: 79255113 # Instrs with approx uop decoding
   mispredBranches: 654981 # Mispredicted branches
 l1d_beefy: # Cache stats
  l1d_beefy-0: # Filter cache stats
   fhGETS: 170539024 # Filtered GETS hits
   fhGETX: 44498780 # Filtered GETX hits
   hGETS: 38063695 # GETS hits
   hGETX: 23297474 # GETX hits
   mGETS: 9957233 # GETS misses
   mGETXIM: 3594112 # GETX I->M misses
   mGETXSM: 0 # GETX S->M misses (upgrade misses)
   PUTS: 0 # Clean evictions (from lower level)
   PUTX: 0 # Dirty evictions (from lower level)
   INV: 86 # Invalidates (from upper level)
   INVX: 0 # Downgrades (from upper level)
   FWD: 0 # Forwards (from upper level)
   latGETnl: 752693367 # GET request latency on next level
   latGETnet: 0 # GET request latency on network to next level
  l1d_beefy-1: # Filter cache stats
   fhGETS: 170539029 # Filtered GETS hits
   fhGETX: 44498779 # Filtered GETX hits
   hGETS: 38063666 # GETS hits
   hGETX: 23297478 # GETX hits
   mGETS: 9957257 # GETS misses
   mGETXIM: 3594109 # GETX I->M misses
   mGETXSM: 0 # GETX S->M misses (upgrade misses)
   PUTS: 0 # Clean evictions (from lower level)
   PUTX: 0 # Dirty evictions (from lower level)
   INV: 115 # Invalidates (from upper level)
   INVX: 0 # Downgrades (from upper level)
   FWD: 0 # Forwards (from upper level)
   latGETnl: 753040161 # GET request latency on next level
   latGETnet: 0 # GET request latency on network to next level
 l1i_beefy: # Cache stats
  l1i_beefy-0: # Filter cache stats
   fhGETS: 111457599 # Filtered GETS hits
   fhGETX: 0 # Filtered GETX hits
   hGETS: 104 # GETS hits
   hGETX: 0 # GETX hits
   mGETS: 688 # GETS misses
   mGETXIM: 0 # GETX I->M misses
   mGETXSM: 0 # GETX S->M misses (upgrade misses)
   PUTS: 0 # Clean evictions (from lower level)
   PUTX: 0 # Dirty evictions (from lower level)
   INV: 205 # Invalidates (from upper level)
   INVX: 0 # Downgrades (from upper level)
   FWD: 0 # Forwards (from upper level)
   latGETnl: 67424 # GET request latency on next level
   latGETnet: 0 # GET request latency on network to next level
  l1i_beefy-1: # Filter cache stats
   fhGETS: 111457896 # Filtered GETS hits
   fhGETX: 0 # Filtered GETX hits
   hGETS: 112 # GETS hits
   hGETX: 0 # GETX hits
   mGETS: 671 # GETS misses
   mGETXIM: 0 # GETX I->M misses
   mGETXSM: 0 # GETX S->M misses (upgrade misses)
   PUTS: 0 # Clean evictions (from lower level)
   PUTX: 0 # Dirty evictions (from lower level)
   INV: 349 # Invalidates (from upper level)
   INVX: 0 # Downgrades (from upper level)
   FWD: 0 # Forwards (from upper level)
   latGETnl: 65758 # GET request latency on next level
   latGETnet: 0 # GET request latency on network to next level
 l2_beefy: # Cache stats
  l2_beefy-0: # Cache stats
   hGETS: 4831183 # GETS hits
   hGETX: 1280322 # GETX hits
   mGETS: 5126738 # GETS misses
   mGETXIM: 2313790 # GETX I->M misses
   mGETXSM: 0 # GETX S->M misses (upgrade misses)
   PUTS: 8720237 # Clean evictions (from lower level)
   PUTX: 4830564 # Dirty evictions (from lower level)
   INV: 726 # Invalidates (from upper level)
   INVX: 0 # Downgrades (from upper level)
   FWD: 0 # Forwards (from upper level)
   latGETnl: 657896560 # GET request latency on next level
   latGETnet: 0 # GET request latency on network to next level
  l2_beefy-1: # Cache stats
   hGETS: 4835422 # GETS hits
   hGETX: 1280339 # GETX hits
   mGETS: 5122506 # GETS misses
   mGETXIM: 2313770 # GETX I->M misses
   mGETXSM: 0 # GETX S->M misses (upgrade misses)
   PUTS: 8720214 # Clean evictions (from lower level)
   PUTX: 4830565 # Dirty evictions (from lower level)
   INV: 685 # Invalidates (from upper level)
   INVX: 0 # Downgrades (from upper level)
   FWD: 0 # Forwards (from upper level)
   latGETnl: 658241660 # GET request latency on next level
   latGETnet: 0 # GET request latency on network to next level
 l3: # Cache stats
  l3-0b0: # Cache stats
   hGETS: 146065 # GETS hits
   hGETX: 1212 # GETX hits
   mGETS: 2416172 # GETS misses
   mGETXIM: 1155565 # GETX I->M misses
   mGETXSM: 0 # GETX S->M misses (upgrade misses)
   PUTS: 2186028 # Clean evictions (from lower level)
   PUTX: 1530602 # Dirty evictions (from lower level)
   INV: 0 # Invalidates (from upper level)
   INVX: 0 # Downgrades (from upper level)
   FWD: 0 # Forwards (from upper level)
   latGETnl: 228591168 # GET request latency on next level
   latGETnet: 0 # GET request latency on network to next level
  l3-0b1: # Cache stats
   hGETS: 146098 # GETS hits
   hGETX: 1184 # GETX hits
   mGETS: 2416673 # GETS misses
   mGETXIM: 1155677 # GETX I->M misses
   mGETXSM: 0 # GETX S->M misses (upgrade misses)
   PUTS: 2186550 # Clean evictions (from lower level)
   PUTX: 1530693 # Dirty evictions (from lower level)
   INV: 0 # Invalidates (from upper level)
   INVX: 0 # Downgrades (from upper level)
   FWD: 0 # Forwards (from upper level)
   latGETnl: 228630400 # GET request latency on next level
   latGETnet: 0 # GET request latency on network to next level
  l3-0b2: # Cache stats
   hGETS: 146003 # GETS hits
   hGETX: 1276 # GETX hits
   mGETS: 2416252 # GETS misses
   mGETXIM: 1155519 # GETX I->M misses
   mGETXSM: 0 # GETX S->M misses (upgrade misses)
   PUTS: 2185936 # Clean evictions (from lower level)
   PUTX: 1530700 # Dirty evictions (from lower level)
   INV: 0 # Invalidates (from upper level)
   INVX: 0 # Downgrades (from upper level)
   FWD: 0 # Forwards (from upper level)
   latGETnl: 228593344 # GET request latency on next level
   latGETnet: 0 # GET request latency on network to next level
  l3-0b3: # Cache stats
   hGETS: 145045 # GETS hits
   hGETX: 1413 # GETX hits
   mGETS: 2416936 # GETS misses
   mGETXIM: 1155714 # GETX I->M misses
   mGETXSM: 0 # GETX S->M misses (upgrade misses)
   PUTS: 2185455 # Clean evictions (from lower level)
   PUTX: 1531237 # Dirty evictions (from lower level)
   INV: 0 # Invalidates (from upper level)
   INVX: 0 # Downgrades (from upper level)
   FWD: 0 # Forwards (from upper level)
   latGETnl: 228649600 # GET request latency on next level
   latGETnet: 0 # GET request latency on network to next level
 mem: # Memory controller stats
  mem-0: # Memory controller stats
   rd: 3571951 # Read requests
   wr: 1519573 # Write requests
   rdlat: 398670819 # Total latency experienced by read requests
   wrlat: 211240905 # Total latency experienced by write requests
   rdhits: 8 # Read row hits
   wrhits: 5349 # Write row hits
   mlh: # latency histogram for memory requests
    0: 0
    1: 0
    2: 0
    3: 0
    4: 0
    5: 0
    6: 0
    7: 0
    8: 0
    9: 2
    10: 2934662
    11: 164352
    12: 221842
    13: 88583
    14: 83070
    15: 15032
    16: 9812
    17: 9189
    18: 4382
    19: 4139
    20: 4021
    21: 4115
    22: 4362
    23: 4770
    24: 861
    25: 743
    26: 802
    27: 918
    28: 1223
    29: 1135
    30: 1097
    31: 1011
    32: 1069
    33: 1210
    34: 1127
    35: 1051
    36: 1005
    37: 1167
    38: 1062
    39: 1073
    40: 862
    41: 509
    42: 476
    43: 316
    44: 308
    45: 228
    46: 194
    47: 65
    48: 21
    49: 19
    50: 16
    51: 12
    52: 10
    53: 7
    54: 3
    55: 5
    56: 4
    57: 2
    58: 4
    59: 1
    60: 1
    61: 1
    62: 0
    63: 0
    64: 0
    65: 0
    66: 0
    67: 0
    68: 0
    69: 0
    70: 0
    71: 0
    72: 0
    73: 0
    74: 0
    75: 0
    76: 0
    77: 0
    78: 0
    79: 0
    80: 0
    81: 0
    82: 0
    83: 0
    84: 0
    85: 0
    86: 0
    87: 0
    88: 0
    89: 0
    90: 0
    91: 0
    92: 0
    93: 0
    94: 0
    95: 0
    96: 0
    97: 0
    98: 0
    99: 0
  mem-1: # Memory controller stats
   rd: 3572253 # Read requests
   wr: 1519626 # Write requests
   rdlat: 398908109 # Total latency experienced by read requests
   wrlat: 210487647 # Total latency experienced by write requests
   rdhits: 8 # Read row hits
   wrhits: 5323 # Write row hits
   mlh: # latency histogram for memory requests
    0: 0
    1: 0
    2: 0
    3: 0
    4: 0
    5: 0
    6: 0
    7: 0
    8: 0
    9: 0
    10: 2931370
    11: 163783
    12: 221124
    13: 90490
    14: 86551
    15: 14937
    16: 9436
    17: 9076
    18: 4312
    19: 4084
    20: 3737
    21: 4336
    22: 4456
    23: 4706
    24: 861
    25: 727
    26: 808
    27: 813
    28: 1151
    29: 1156
    30: 1011
    31: 1086
    32: 1161
    33: 1229
    34: 1068
    35: 1206
    36: 1033
    37: 1249
    38: 1088
    39: 1077
    40: 892
    41: 515
    42: 456
    43: 300
    44: 288
    45: 254
    46: 214
    47: 88
    48: 29
    49: 24
    50: 20
    51: 14
    52: 13
    53: 5
    54: 4
    55: 4
    56: 1
    57: 0
    58: 1
    59: 4
    60: 0
    61: 1
    62: 3
    63: 0
    64: 0
    65: 0
    66: 0
    67: 0
    68: 0
    69: 0
    70: 0
    71: 1
    72: 0
    73: 0
    74: 0
    75: 0
    76: 0
    77: 0
    78: 0
    79: 0
    80: 0
    81: 0
    82: 0
    83: 0
    84: 0
    85: 0
    86: 0
    87: 0
    88: 0
    89: 0
    90: 0
    91: 0
    92: 0
    93: 0
    94: 0
    95: 0
    96: 0
    97: 0
    98: 0
    99: 0
  mem-2: # Memory controller stats
   rd: 3571915 # Read requests
   wr: 1519372 # Write requests
   rdlat: 398688753 # Total latency experienced by read requests
   wrlat: 211144304 # Total latency experienced by write requests
   rdhits: 18 # Read row hits
   wrhits: 5629 # Write row hits
   mlh: # latency histogram for memory requests
    0: 0
    1: 0
    2: 0
    3: 0
    4: 0
    5: 0
    6: 0
    7: 0
    8: 0
    9: 0
    10: 2935807
    11: 163113
    12: 221963
    13: 88519
    14: 83287
    15: 15216
    16: 9818
    17: 9097
    18: 4362
    19: 4068
    20: 3832
    21: 3709
    22: 4159
    23: 5157
    24: 886
    25: 777
    26: 831
    27: 915
    28: 1106
    29: 1129
    30: 1067
    31: 1046
    32: 1097
    33: 1235
    34: 1125
    35: 1136
    36: 1079
    37: 1173
    38: 1067
    39: 1128
    40: 876
    41: 488
    42: 466
    43: 285
    44: 315
    45: 203
    46: 209
    47: 70
    48: 30
    49: 16
    50: 12
    51: 17
    52: 12
    53: 2
    54: 5
    55: 1
    56: 0
    57: 2
    58: 0
    59: 0
    60: 2
    61: 0
    62: 0
    63: 0
    64: 0
    65: 0
    66: 0
    67: 0
    68: 0
    69: 0
    70: 0
    71: 0
    72: 0
    73: 0
    74: 0
    75: 0
    76: 0
    77: 0
    78: 0
    79: 0
    80: 0
    81: 0
    82: 0
    83: 0
    84: 0
    85: 0
    86: 0
    87: 0
    88: 0
    89: 0
    90: 0
    91: 0
    92: 0
    93: 0
    94: 0
    95: 0
    96: 0
    97: 0
    98: 0
    99: 0
  mem-3: # Memory controller stats
   rd: 3572377 # Read requests
   wr: 1519274 # Write requests
   rdlat: 398901290 # Total latency experienced by read requests
   wrlat: 210397908 # Total latency experienced by write requests
   rdhits: 9 # Read row hits
   wrhits: 5395 # Write row hits
   mlh: # latency histogram for memory requests
    0: 0
    1: 0
    2: 0
    3: 0
    4: 0
    5: 0
    6: 0
    7: 0
    8: 0
    9: 0
    10: 2931324
    11: 164663
    12: 220323
    13: 91672
    14: 85424
    15: 15012
    16: 9296
    17: 8871
    18: 4292
    19: 3903
    20: 3724
    21: 4187
    22: 4477
    23: 5405
    24: 907
    25: 759
    26: 846
    27: 870
    28: 1154
    29: 1068
    30: 1079
    31: 1014
    32: 1165
    33: 1297
    34: 1097
    35: 1132
    36: 1062
    37: 1185
    38: 1013
    39: 1080
    40: 874
    41: 490
    42: 510
    43: 310
    44: 308
    45: 229
    46: 197
    47: 71
    48: 25
    49: 15
    50: 9
    51: 7
    52: 7
    53: 4
    54: 2
    55: 5
    56: 2
    57: 3
    58: 3
    59: 0
    60: 0
    61: 3
    62: 0
    63: 2
    64: 0
    65: 0
    66: 0
    67: 0
    68: 0
    69: 0
    70: 0
    71: 0
    72: 0
    73: 0
    74: 0
    75: 0
    76: 0
    77: 0
    78: 0
    79: 0
    80: 0
    81: 0
    82: 0
    83: 0
    84: 0
    85: 0
    86: 0
    87: 0
    88: 0
    89: 0
    90: 0
    91: 0
    92: 0
    93: 0
    94: 0
    95: 0
    96: 0
    97: 0
    98: 0
    99: 0
 sched: # Scheduler stats
  thCr: 2 # Threads created
  thFn: 2 # Threads finished
  schedEvs: 2 # Schedule events
  waitEvs: 0 # Wait events
  handoffEvs: 0 # Handoff events
  sleepEvs: 0 # Sleep events
  idlePhases: 0 # Phases with no thread active
  idlePeriods: 0 # Periods with no thread active
  occHist: # Occupancy histogram
   0: 0
   1: 1001
   2: 90936
  rqSzHist: # Run queue size histogram
   0: 91937
   1: 0
   2: 0
   3: 0
   4: 0
   5: 0
   6: 0
   7: 0
   8: 0
   9: 0
   10: 0
   11: 0
   12: 0
   13: 0
   14: 0
   15: 0
   16: 0
 procCycles: # Per-process unhalted core cycles
  0: 914245605
  1: 914484287
  2: 0
  3: 0
  4: 0
  5: 0
  6: 0
  7: 0
  8: 0
  9: 0
  10: 0
  11: 0
  12: 0
  13: 0
  14: 0
  15: 0
  16: 0
  17: 0
  18: 0
  19: 0
  20: 0
  21: 0
  22: 0
  23: 0
  24: 0
  25: 0
  26: 0
  27: 0
  28: 0
  29: 0
  30: 0
  31: 0
  32: 0
  33: 0
  34: 0
  35: 0
  36: 0
  37: 0
  38: 0
  39: 0
  40: 0
  41: 0
  42: 0
  43: 0
  44: 0
  45: 0
  46: 0
  47: 0
  48: 0
  49: 0
  50: 0
  51: 0
  52: 0
  53: 0
  54: 0
  55: 0
  56: 0
  57: 0
  58: 0
  59: 0
  60: 0
  61: 0
  62: 0
  63: 0
 procInstrs: # Per-process instructions
  0: 1000002960
  1: 1000002960
  2: 0
  3: 0
  4: 0
  5: 0
  6: 0
  7: 0
  8: 0
  9: 0
  10: 0
  11: 0
  12: 0
  13: 0
  14: 0
  15: 0
  16: 0
  17: 0
  18: 0
  19: 0
  20: 0
  21: 0
  22: 0
  23: 0
  24: 0
  25: 0
  26: 0
  27: 0
  28: 0
  29: 0
  30: 0
  31: 0
  32: 0
  33: 0
  34: 0
  35: 0
  36: 0
  37: 0
  38: 0
  39: 0
  40: 0
  41: 0
  42: 0
  43: 0
  44: 0
  45: 0
  46: 0
  47: 0
  48: 0
  49: 0
  50: 0
  51: 0
  52: 0
  53: 0
  54: 0
  55: 0
  56: 0
  57: 0
  58: 0
  59: 0
  60: 0
  61: 0
  62: 0
  63: 0
 heartbeats: # Per-process heartbeats
  0: 0
  1: 0
  2: 0
  3: 0
  4: 0
  5: 0
  6: 0
  7: 0
  8: 0
  9: 0
  10: 0
  11: 0
  12: 0
  13: 0
  14: 0
  15: 0
  16: 0
  17: 0
  18: 0
  19: 0
  20: 0
  21: 0
  22: 0
  23: 0
  24: 0
  25: 0
  26: 0
  27: 0
  28: 0
  29: 0
  30: 0
  31: 0
  32: 0
  33: 0
  34: 0
  35: 0
  36: 0
  37: 0
  38: 0
  39: 0
  40: 0
  41: 0
  42: 0
  43: 0
  44: 0
  45: 0
  46: 0
  47: 0
  48: 0
  49: 0
  50: 0
  51: 0
  52: 0
  53: 0
  54: 0
  55: 0
  56: 0
  57: 0
  58: 0
  59: 0
  60: 0
  61: 0
  62: 0
  63: 0
===
