# zsim stats
===
root: # Stats
 contention: # Contention simulation stats
  domain-0: # Domain stats
   time: 4737610243 # Weave simulation time
 time: # Simulator time breakdown
  init: 88980170
  bound: 99922454577
  weave: 7562430829
  ff: 0
 trigger: 20000 # Reason for this stats dump
 phase: 74005 # Simulated phases
 beefy: # Core stats
  beefy-0: # Core stats
   cycles: 732141404 # Simulated unhalted cycles
   cCycles: 176688178 # Cycles due to contention stalls
   instrs: 1000002977 # Simulated instructions
   uops: 1393829518 # Retired micro-ops
   bbls: 35589800 # Basic blocks
   approxInstrs: 97755 # Instrs with approx uop decoding
   mispredBranches: 292364 # Mispredicted branches
  beefy-1: # Core stats
   cycles: 734018404 # Simulated unhalted cycles
   cCycles: 178373922 # Cycles due to contention stalls
   instrs: 1000002977 # Simulated instructions
   uops: 1393829518 # Retired micro-ops
   bbls: 35589800 # Basic blocks
   approxInstrs: 97755 # Instrs with approx uop decoding
   mispredBranches: 292364 # Mispredicted branches
 l1d_beefy: # Cache stats
  l1d_beefy-0: # Filter cache stats
   fhGETS: 266612599 # Filtered GETS hits
   fhGETX: 86202284 # Filtered GETX hits
   hGETS: 150901457 # GETS hits
   hGETX: 57900197 # GETX hits
   mGETS: 2280353 # GETS misses
   mGETXIM: 2792406 # GETX I->M misses
   mGETXSM: 0 # GETX S->M misses (upgrade misses)
   PUTS: 0 # Clean evictions (from lower level)
   PUTX: 0 # Dirty evictions (from lower level)
   INV: 0 # Invalidates (from upper level)
   INVX: 0 # Downgrades (from upper level)
   FWD: 0 # Forwards (from upper level)
   latGETnl: 258630539 # GET request latency on next level
   latGETnet: 0 # GET request latency on network to next level
  l1d_beefy-1: # Filter cache stats
   fhGETS: 266612599 # Filtered GETS hits
   fhGETX: 86202284 # Filtered GETX hits
   hGETS: 150901457 # GETS hits
   hGETX: 57900197 # GETX hits
   mGETS: 2280353 # GETS misses
   mGETXIM: 2792406 # GETX I->M misses
   mGETXSM: 0 # GETX S->M misses (upgrade misses)
   PUTS: 0 # Clean evictions (from lower level)
   PUTX: 0 # Dirty evictions (from lower level)
   INV: 0 # Invalidates (from upper level)
   INVX: 0 # Downgrades (from upper level)
   FWD: 0 # Forwards (from upper level)
   latGETnl: 259544466 # GET request latency on next level
   latGETnet: 0 # GET request latency on network to next level
 l1i_beefy: # Cache stats
  l1i_beefy-0: # Filter cache stats
   fhGETS: 80604969 # Filtered GETS hits
   fhGETX: 0 # Filtered GETX hits
   hGETS: 59824 # GETS hits
   hGETX: 0 # GETX hits
   mGETS: 16249 # GETS misses
   mGETXIM: 0 # GETX I->M misses
   mGETXSM: 0 # GETX S->M misses (upgrade misses)
   PUTS: 0 # Clean evictions (from lower level)
   PUTX: 0 # Dirty evictions (from lower level)
   INV: 4 # Invalidates (from upper level)
   INVX: 0 # Downgrades (from upper level)
   FWD: 0 # Forwards (from upper level)
   latGETnl: 593613 # GET request latency on next level
   latGETnet: 0 # GET request latency on network to next level
  l1i_beefy-1: # Filter cache stats
   fhGETS: 80605142 # Filtered GETS hits
   fhGETX: 0 # Filtered GETX hits
   hGETS: 59812 # GETS hits
   hGETX: 0 # GETX hits
   mGETS: 16267 # GETS misses
   mGETXIM: 0 # GETX I->M misses
   mGETXSM: 0 # GETX S->M misses (upgrade misses)
   PUTS: 0 # Clean evictions (from lower level)
   PUTX: 0 # Dirty evictions (from lower level)
   INV: 4 # Invalidates (from upper level)
   INVX: 0 # Downgrades (from upper level)
   FWD: 0 # Forwards (from upper level)
   latGETnl: 594504 # GET request latency on next level
   latGETnet: 0 # GET request latency on network to next level
 l2_beefy: # Cache stats
  l2_beefy-0: # Cache stats
   hGETS: 2035317 # GETS hits
   hGETX: 13283 # GETX hits
   mGETS: 261285 # GETS misses
   mGETXIM: 2779123 # GETX I->M misses
   mGETXSM: 0 # GETX S->M misses (upgrade misses)
   PUTS: 2287236 # Clean evictions (from lower level)
   PUTX: 2800859 # Dirty evictions (from lower level)
   INV: 0 # Invalidates (from upper level)
   INVX: 0 # Downgrades (from upper level)
   FWD: 0 # Forwards (from upper level)
   latGETnl: 223601096 # GET request latency on next level
   latGETnet: 0 # GET request latency on network to next level
  l2_beefy-1: # Cache stats
   hGETS: 2035322 # GETS hits
   hGETX: 13284 # GETX hits
   mGETS: 261298 # GETS misses
   mGETXIM: 2779122 # GETX I->M misses
   mGETXSM: 0 # GETX S->M misses (upgrade misses)
   PUTS: 2287254 # Clean evictions (from lower level)
   PUTX: 2800859 # Dirty evictions (from lower level)
   INV: 0 # Invalidates (from upper level)
   INVX: 0 # Downgrades (from upper level)
   FWD: 0 # Forwards (from upper level)
   latGETnl: 224515788 # GET request latency on next level
   latGETnet: 0 # GET request latency on network to next level
 l3: # Cache stats
  l3-0b0: # Cache stats
   hGETS: 98837 # GETS hits
   hGETX: 312550 # GETX hits
   mGETS: 33459 # GETS misses
   mGETXIM: 1076897 # GETX I->M misses
   mGETXSM: 0 # GETX S->M misses (upgrade misses)
   PUTS: 125827 # Clean evictions (from lower level)
   PUTX: 1393864 # Dirty evictions (from lower level)
   INV: 0 # Invalidates (from upper level)
   INVX: 0 # Downgrades (from upper level)
   FWD: 0 # Forwards (from upper level)
   latGETnl: 71062784 # GET request latency on next level
   latGETnet: 0 # GET request latency on network to next level
  l3-0b1: # Cache stats
   hGETS: 95148 # GETS hits
   hGETX: 314955 # GETX hits
   mGETS: 32058 # GETS misses
   mGETXIM: 1074533 # GETX I->M misses
   mGETXSM: 0 # GETX S->M misses (upgrade misses)
   PUTS: 122060 # Clean evictions (from lower level)
   PUTX: 1392596 # Dirty evictions (from lower level)
   INV: 0 # Invalidates (from upper level)
   INVX: 0 # Downgrades (from upper level)
   FWD: 0 # Forwards (from upper level)
   latGETnl: 70821824 # GET request latency on next level
   latGETnet: 0 # GET request latency on network to next level
  l3-0b2: # Cache stats
   hGETS: 96467 # GETS hits
   hGETX: 314310 # GETX hits
   mGETS: 32979 # GETS misses
   mGETXIM: 1075836 # GETX I->M misses
   mGETXSM: 0 # GETX S->M misses (upgrade misses)
   PUTS: 123078 # Clean evictions (from lower level)
   PUTX: 1394460 # Dirty evictions (from lower level)
   INV: 0 # Invalidates (from upper level)
   INVX: 0 # Downgrades (from upper level)
   FWD: 0 # Forwards (from upper level)
   latGETnl: 70964160 # GET request latency on next level
   latGETnet: 0 # GET request latency on network to next level
  l3-0b3: # Cache stats
   hGETS: 99203 # GETS hits
   hGETX: 312881 # GETX hits
   mGETS: 34432 # GETS misses
   mGETXIM: 1076283 # GETX I->M misses
   mGETXSM: 0 # GETX S->M misses (upgrade misses)
   PUTS: 126931 # Clean evictions (from lower level)
   PUTX: 1393820 # Dirty evictions (from lower level)
   INV: 0 # Invalidates (from upper level)
   INVX: 0 # Downgrades (from upper level)
   FWD: 0 # Forwards (from upper level)
   latGETnl: 71085760 # GET request latency on next level
   latGETnet: 0 # GET request latency on network to next level
 mem: # Memory controller stats
  mem-0: # Memory controller stats
   rd: 1109645 # Read requests
   wr: 1074125 # Write requests
   rdlat: 220000829 # Total latency experienced by read requests
   wrlat: 291776213 # Total latency experienced by write requests
   rdhits: 31 # Read row hits
   wrhits: 4531 # Write row hits
   mlh: # latency histogram for memory requests
    0: 0
    1: 0
    2: 0
    3: 0
    4: 0
    5: 0
    6: 0
    7: 0
    8: 0
    9: 1
    10: 454448
    11: 15287
    12: 11642
    13: 3856
    14: 3090
    15: 664
    16: 703
    17: 866
    18: 693
    19: 812
    20: 8672
    21: 252307
    22: 80364
    23: 5368
    24: 798
    25: 805
    26: 903
    27: 770
    28: 722
    29: 615
    30: 644
    31: 739
    32: 1965
    33: 243242
    34: 5287
    35: 3057
    36: 1091
    37: 742
    38: 684
    39: 639
    40: 580
    41: 565
    42: 457
    43: 428
    44: 886
    45: 738
    46: 433
    47: 277
    48: 299
    49: 298
    50: 293
    51: 230
    52: 161
    53: 140
    54: 127
    55: 162
    56: 739
    57: 191
    58: 231
    59: 187
    60: 154
    61: 160
    62: 163
    63: 126
    64: 33
    65: 23
    66: 16
    67: 29
    68: 14
    69: 3
    70: 9
    71: 3
    72: 2
    73: 2
    74: 1
    75: 2
    76: 2
    77: 1
    78: 2
    79: 0
    80: 1
    81: 0
    82: 1
    83: 0
    84: 0
    85: 0
    86: 0
    87: 0
    88: 0
    89: 0
    90: 0
    91: 0
    92: 0
    93: 0
    94: 0
    95: 0
    96: 0
    97: 0
    98: 0
    99: 0
  mem-1: # Memory controller stats
   rd: 1110231 # Read requests
   wr: 1073818 # Write requests
   rdlat: 219973869 # Total latency experienced by read requests
   wrlat: 291758495 # Total latency experienced by write requests
   rdhits: 104 # Read row hits
   wrhits: 4373 # Write row hits
   mlh: # latency histogram for memory requests
    0: 0
    1: 0
    2: 0
    3: 0
    4: 0
    5: 0
    6: 0
    7: 0
    8: 0
    9: 4
    10: 455844
    11: 16076
    12: 11363
    13: 3597
    14: 2546
    15: 622
    16: 568
    17: 866
    18: 673
    19: 747
    20: 8560
    21: 252150
    22: 80707
    23: 5312
    24: 722
    25: 759
    26: 834
    27: 661
    28: 716
    29: 643
    30: 682
    31: 526
    32: 1949
    33: 243823
    34: 5227
    35: 3092
    36: 997
    37: 734
    38: 603
    39: 576
    40: 560
    41: 549
    42: 455
    43: 354
    44: 839
    45: 666
    46: 460
    47: 311
    48: 275
    49: 309
    50: 283
    51: 230
    52: 184
    53: 158
    54: 128
    55: 136
    56: 726
    57: 226
    58: 244
    59: 210
    60: 162
    61: 166
    62: 171
    63: 113
    64: 35
    65: 28
    66: 20
    67: 21
    68: 11
    69: 5
    70: 2
    71: 3
    72: 0
    73: 0
    74: 3
    75: 1
    76: 0
    77: 1
    78: 1
    79: 0
    80: 2
    81: 2
    82: 0
    83: 0
    84: 0
    85: 0
    86: 0
    87: 0
    88: 0
    89: 0
    90: 0
    91: 0
    92: 0
    93: 0
    94: 0
    95: 0
    96: 0
    97: 0
    98: 1
    99: 1
  mem-2: # Memory controller stats
   rd: 1109792 # Read requests
   wr: 1072941 # Write requests
   rdlat: 219932882 # Total latency experienced by read requests
   wrlat: 290887041 # Total latency experienced by write requests
   rdhits: 97 # Read row hits
   wrhits: 4388 # Write row hits
   mlh: # latency histogram for memory requests
    0: 0
    1: 0
    2: 0
    3: 0
    4: 0
    5: 0
    6: 0
    7: 0
    8: 0
    9: 0
    10: 454962
    11: 16038
    12: 11370
    13: 4172
    14: 2803
    15: 640
    16: 737
    17: 860
    18: 635
    19: 800
    20: 8715
    21: 250994
    22: 81034
    23: 5439
    24: 828
    25: 834
    26: 880
    27: 715
    28: 824
    29: 609
    30: 605
    31: 650
    32: 2008
    33: 242810
    34: 5154
    35: 3206
    36: 1115
    37: 735
    38: 674
    39: 648
    40: 596
    41: 540
    42: 457
    43: 469
    44: 880
    45: 625
    46: 423
    47: 301
    48: 342
    49: 329
    50: 313
    51: 252
    52: 182
    53: 148
    54: 131
    55: 196
    56: 751
    57: 181
    58: 212
    59: 194
    60: 172
    61: 177
    62: 151
    63: 125
    64: 37
    65: 36
    66: 16
    67: 27
    68: 9
    69: 7
    70: 5
    71: 4
    72: 2
    73: 0
    74: 1
    75: 1
    76: 1
    77: 0
    78: 0
    79: 1
    80: 0
    81: 1
    82: 2
    83: 1
    84: 0
    85: 0
    86: 0
    87: 0
    88: 0
    89: 0
    90: 0
    91: 0
    92: 0
    93: 0
    94: 0
    95: 0
    96: 0
    97: 0
    98: 0
    99: 0
  mem-3: # Memory controller stats
   rd: 1106766 # Read requests
   wr: 1071306 # Write requests
   rdlat: 219406845 # Total latency experienced by read requests
   wrlat: 290889409 # Total latency experienced by write requests
   rdhits: 31 # Read row hits
   wrhits: 4487 # Write row hits
   mlh: # latency histogram for memory requests
    0: 0
    1: 0
    2: 0
    3: 0
    4: 0
    5: 0
    6: 0
    7: 0
    8: 0
    9: 8
    10: 453746
    11: 15959
    12: 11390
    13: 3583
    14: 2620
    15: 586
    16: 565
    17: 794
    18: 574
    19: 743
    20: 8955
    21: 251547
    22: 80376
    23: 5344
    24: 777
    25: 788
    26: 797
    27: 695
    28: 659
    29: 540
    30: 657
    31: 583
    32: 2033
    33: 243161
    34: 5193
    35: 3075
    36: 1026
    37: 687
    38: 641
    39: 634
    40: 495
    41: 476
    42: 421
    43: 382
    44: 901
    45: 692
    46: 445
    47: 261
    48: 301
    49: 305
    50: 295
    51: 262
    52: 159
    53: 140
    54: 134
    55: 156
    56: 789
    57: 232
    58: 236
    59: 174
    60: 163
    61: 162
    62: 163
    63: 113
    64: 32
    65: 34
    66: 16
    67: 33
    68: 21
    69: 3
    70: 4
    71: 5
    72: 1
    73: 0
    74: 7
    75: 4
    76: 1
    77: 2
    78: 3
    79: 0
    80: 1
    81: 1
    82: 1
    83: 1
    84: 0
    85: 0
    86: 0
    87: 1
    88: 0
    89: 0
    90: 0
    91: 0
    92: 0
    93: 2
    94: 0
    95: 0
    96: 0
    97: 0
    98: 0
    99: 0
 sched: # Scheduler stats
  thCr: 2 # Threads created
  thFn: 2 # Threads finished
  schedEvs: 2 # Schedule events
  waitEvs: 0 # Wait events
  handoffEvs: 0 # Handoff events
  sleepEvs: 0 # Sleep events
  idlePhases: 0 # Phases with no thread active
  idlePeriods: 0 # Periods with no thread active
  occHist: # Occupancy histogram
   0: 0
   1: 1395
   2: 72610
  rqSzHist: # Run queue size histogram
   0: 74005
   1: 0
   2: 0
   3: 0
   4: 0
   5: 0
   6: 0
   7: 0
   8: 0
   9: 0
   10: 0
   11: 0
   12: 0
   13: 0
   14: 0
   15: 0
   16: 0
 procCycles: # Per-process unhalted core cycles
  0: 732143012
  1: 734018404
  2: 0
  3: 0
  4: 0
  5: 0
  6: 0
  7: 0
  8: 0
  9: 0
  10: 0
  11: 0
  12: 0
  13: 0
  14: 0
  15: 0
  16: 0
  17: 0
  18: 0
  19: 0
  20: 0
  21: 0
  22: 0
  23: 0
  24: 0
  25: 0
  26: 0
  27: 0
  28: 0
  29: 0
  30: 0
  31: 0
  32: 0
  33: 0
  34: 0
  35: 0
  36: 0
  37: 0
  38: 0
  39: 0
  40: 0
  41: 0
  42: 0
  43: 0
  44: 0
  45: 0
  46: 0
  47: 0
  48: 0
  49: 0
  50: 0
  51: 0
  52: 0
  53: 0
  54: 0
  55: 0
  56: 0
  57: 0
  58: 0
  59: 0
  60: 0
  61: 0
  62: 0
  63: 0
 procInstrs: # Per-process instructions
  0: 1000002977
  1: 1000002977
  2: 0
  3: 0
  4: 0
  5: 0
  6: 0
  7: 0
  8: 0
  9: 0
  10: 0
  11: 0
  12: 0
  13: 0
  14: 0
  15: 0
  16: 0
  17: 0
  18: 0
  19: 0
  20: 0
  21: 0
  22: 0
  23: 0
  24: 0
  25: 0
  26: 0
  27: 0
  28: 0
  29: 0
  30: 0
  31: 0
  32: 0
  33: 0
  34: 0
  35: 0
  36: 0
  37: 0
  38: 0
  39: 0
  40: 0
  41: 0
  42: 0
  43: 0
  44: 0
  45: 0
  46: 0
  47: 0
  48: 0
  49: 0
  50: 0
  51: 0
  52: 0
  53: 0
  54: 0
  55: 0
  56: 0
  57: 0
  58: 0
  59: 0
  60: 0
  61: 0
  62: 0
  63: 0
 heartbeats: # Per-process heartbeats
  0: 0
  1: 0
  2: 0
  3: 0
  4: 0
  5: 0
  6: 0
  7: 0
  8: 0
  9: 0
  10: 0
  11: 0
  12: 0
  13: 0
  14: 0
  15: 0
  16: 0
  17: 0
  18: 0
  19: 0
  20: 0
  21: 0
  22: 0
  23: 0
  24: 0
  25: 0
  26: 0
  27: 0
  28: 0
  29: 0
  30: 0
  31: 0
  32: 0
  33: 0
  34: 0
  35: 0
  36: 0
  37: 0
  38: 0
  39: 0
  40: 0
  41: 0
  42: 0
  43: 0
  44: 0
  45: 0
  46: 0
  47: 0
  48: 0
  49: 0
  50: 0
  51: 0
  52: 0
  53: 0
  54: 0
  55: 0
  56: 0
  57: 0
  58: 0
  59: 0
  60: 0
  61: 0
  62: 0
  63: 0
===
