# zsim stats
===
root: # Stats
 contention: # Contention simulation stats
  domain-0: # Domain stats
   time: 211861138 # Weave simulation time
 time: # Simulator time breakdown
  init: 139900123
  bound: 83878645608
  weave: 3548636802
  ff: 0
 trigger: 20000 # Reason for this stats dump
 phase: 67533 # Simulated phases
 beefy: # Core stats
  beefy-0: # Core stats
   cycles: 675335714 # Simulated unhalted cycles
   cCycles: 0 # Cycles due to contention stalls
   instrs: 1000002976 # Simulated instructions
   uops: 1311372928 # Retired micro-ops
   bbls: 156983868 # Basic blocks
   approxInstrs: 8618179 # Instrs with approx uop decoding
   mispredBranches: 3786036 # Mispredicted branches
  beefy-1: # Core stats
   cycles: 675335714 # Simulated unhalted cycles
   cCycles: 0 # Cycles due to contention stalls
   instrs: 1000002976 # Simulated instructions
   uops: 1311372928 # Retired micro-ops
   bbls: 156983868 # Basic blocks
   approxInstrs: 8618179 # Instrs with approx uop decoding
   mispredBranches: 3786036 # Mispredicted branches
 l1d_beefy: # Cache stats
  l1d_beefy-0: # Filter cache stats
   fhGETS: 304745416 # Filtered GETS hits
   fhGETX: 138569636 # Filtered GETX hits
   hGETS: 38932932 # GETS hits
   hGETX: 15951085 # GETX hits
   mGETS: 14172341 # GETS misses
   mGETXIM: 2296083 # GETX I->M misses
   mGETXSM: 0 # GETX S->M misses (upgrade misses)
   PUTS: 0 # Clean evictions (from lower level)
   PUTX: 0 # Dirty evictions (from lower level)
   INV: 0 # Invalidates (from upper level)
   INVX: 0 # Downgrades (from upper level)
   FWD: 0 # Forwards (from upper level)
   latGETnl: 115872946 # GET request latency on next level
   latGETnet: 0 # GET request latency on network to next level
  l1d_beefy-1: # Filter cache stats
   fhGETS: 304745416 # Filtered GETS hits
   fhGETX: 138569636 # Filtered GETX hits
   hGETS: 38932932 # GETS hits
   hGETX: 15951085 # GETX hits
   mGETS: 14172341 # GETS misses
   mGETXIM: 2296083 # GETX I->M misses
   mGETXSM: 0 # GETX S->M misses (upgrade misses)
   PUTS: 0 # Clean evictions (from lower level)
   PUTX: 0 # Dirty evictions (from lower level)
   INV: 0 # Invalidates (from upper level)
   INVX: 0 # Downgrades (from upper level)
   FWD: 0 # Forwards (from upper level)
   latGETnl: 115872946 # GET request latency on next level
   latGETnet: 0 # GET request latency on network to next level
 l1i_beefy: # Cache stats
  l1i_beefy-0: # Filter cache stats
   fhGETS: 173426594 # Filtered GETS hits
   fhGETX: 0 # Filtered GETX hits
   hGETS: 16272099 # GETS hits
   hGETX: 0 # GETX hits
   mGETS: 6142479 # GETS misses
   mGETXIM: 0 # GETX I->M misses
   mGETXSM: 0 # GETX S->M misses (upgrade misses)
   PUTS: 0 # Clean evictions (from lower level)
   PUTX: 0 # Dirty evictions (from lower level)
   INV: 3 # Invalidates (from upper level)
   INVX: 0 # Downgrades (from upper level)
   FWD: 0 # Forwards (from upper level)
   latGETnl: 43241034 # GET request latency on next level
   latGETnet: 0 # GET request latency on network to next level
  l1i_beefy-1: # Filter cache stats
   fhGETS: 173426594 # Filtered GETS hits
   fhGETX: 0 # Filtered GETX hits
   hGETS: 16272099 # GETS hits
   hGETX: 0 # GETX hits
   mGETS: 6142479 # GETS misses
   mGETXIM: 0 # GETX I->M misses
   mGETXSM: 0 # GETX S->M misses (upgrade misses)
   PUTS: 0 # Clean evictions (from lower level)
   PUTX: 0 # Dirty evictions (from lower level)
   INV: 3 # Invalidates (from upper level)
   INVX: 0 # Downgrades (from upper level)
   FWD: 0 # Forwards (from upper level)
   latGETnl: 43241034 # GET request latency on next level
   latGETnet: 0 # GET request latency on network to next level
 l2_beefy: # Cache stats
  l2_beefy-0: # Cache stats
   hGETS: 20303794 # GETS hits
   hGETX: 2294492 # GETX hits
   mGETS: 11026 # GETS misses
   mGETXIM: 1591 # GETX I->M misses
   mGETXSM: 0 # GETX S->M misses (upgrade misses)
   PUTS: 19501473 # Clean evictions (from lower level)
   PUTX: 3108403 # Dirty evictions (from lower level)
   INV: 0 # Invalidates (from upper level)
   INVX: 0 # Downgrades (from upper level)
   FWD: 0 # Forwards (from upper level)
   latGETnl: 837659 # GET request latency on next level
   latGETnet: 0 # GET request latency on network to next level
  l2_beefy-1: # Cache stats
   hGETS: 20303794 # GETS hits
   hGETX: 2294492 # GETX hits
   mGETS: 11026 # GETS misses
   mGETXIM: 1591 # GETX I->M misses
   mGETXSM: 0 # GETX S->M misses (upgrade misses)
   PUTS: 19501473 # Clean evictions (from lower level)
   PUTX: 3108403 # Dirty evictions (from lower level)
   INV: 0 # Invalidates (from upper level)
   INVX: 0 # Downgrades (from upper level)
   FWD: 0 # Forwards (from upper level)
   latGETnl: 837659 # GET request latency on next level
   latGETnet: 0 # GET request latency on network to next level
 l3: # Cache stats
  l3-0b0: # Cache stats
   hGETS: 3010 # GETS hits
   hGETX: 196 # GETX hits
   mGETS: 2106 # GETS misses
   mGETXIM: 354 # GETX I->M misses
   mGETXSM: 0 # GETX S->M misses (upgrade misses)
   PUTS: 3292 # Clean evictions (from lower level)
   PUTX: 400 # Dirty evictions (from lower level)
   INV: 0 # Invalidates (from upper level)
   INVX: 0 # Downgrades (from upper level)
   FWD: 0 # Forwards (from upper level)
   latGETnl: 246000 # GET request latency on next level
   latGETnet: 0 # GET request latency on network to next level
  l3-0b1: # Cache stats
   hGETS: 3540 # GETS hits
   hGETX: 230 # GETX hits
   mGETS: 2110 # GETS misses
   mGETXIM: 360 # GETX I->M misses
   mGETXSM: 0 # GETX S->M misses (upgrade misses)
   PUTS: 3962 # Clean evictions (from lower level)
   PUTX: 318 # Dirty evictions (from lower level)
   INV: 0 # Invalidates (from upper level)
   INVX: 0 # Downgrades (from upper level)
   FWD: 0 # Forwards (from upper level)
   latGETnl: 247000 # GET request latency on next level
   latGETnet: 0 # GET request latency on network to next level
  l3-0b2: # Cache stats
   hGETS: 3580 # GETS hits
   hGETX: 606 # GETX hits
   mGETS: 2124 # GETS misses
   mGETXIM: 370 # GETX I->M misses
   mGETXSM: 0 # GETX S->M misses (upgrade misses)
   PUTS: 4018 # Clean evictions (from lower level)
   PUTX: 686 # Dirty evictions (from lower level)
   INV: 0 # Invalidates (from upper level)
   INVX: 0 # Downgrades (from upper level)
   FWD: 0 # Forwards (from upper level)
   latGETnl: 249400 # GET request latency on next level
   latGETnet: 0 # GET request latency on network to next level
  l3-0b3: # Cache stats
   hGETS: 3436 # GETS hits
   hGETX: 696 # GETX hits
   mGETS: 2146 # GETS misses
   mGETXIM: 370 # GETX I->M misses
   mGETXSM: 0 # GETX S->M misses (upgrade misses)
   PUTS: 3516 # Clean evictions (from lower level)
   PUTX: 1136 # Dirty evictions (from lower level)
   INV: 0 # Invalidates (from upper level)
   INVX: 0 # Downgrades (from upper level)
   FWD: 0 # Forwards (from upper level)
   latGETnl: 251600 # GET request latency on next level
   latGETnet: 0 # GET request latency on network to next level
 sched: # Scheduler stats
  thCr: 2 # Threads created
  thFn: 2 # Threads finished
  schedEvs: 2 # Schedule events
  waitEvs: 0 # Wait events
  handoffEvs: 0 # Handoff events
  sleepEvs: 0 # Sleep events
  idlePhases: 0 # Phases with no thread active
  idlePeriods: 0 # Periods with no thread active
  occHist: # Occupancy histogram
   0: 0
   1: 0
   2: 67533
  rqSzHist: # Run queue size histogram
   0: 67533
   1: 0
   2: 0
   3: 0
   4: 0
   5: 0
   6: 0
   7: 0
   8: 0
   9: 0
   10: 0
   11: 0
   12: 0
   13: 0
   14: 0
   15: 0
   16: 0
 procCycles: # Per-process unhalted core cycles
  0: 675335714
  1: 675335714
  2: 0
  3: 0
  4: 0
  5: 0
  6: 0
  7: 0
  8: 0
  9: 0
  10: 0
  11: 0
  12: 0
  13: 0
  14: 0
  15: 0
  16: 0
  17: 0
  18: 0
  19: 0
  20: 0
  21: 0
  22: 0
  23: 0
  24: 0
  25: 0
  26: 0
  27: 0
  28: 0
  29: 0
  30: 0
  31: 0
  32: 0
  33: 0
  34: 0
  35: 0
  36: 0
  37: 0
  38: 0
  39: 0
  40: 0
  41: 0
  42: 0
  43: 0
  44: 0
  45: 0
  46: 0
  47: 0
  48: 0
  49: 0
  50: 0
  51: 0
  52: 0
  53: 0
  54: 0
  55: 0
  56: 0
  57: 0
  58: 0
  59: 0
  60: 0
  61: 0
  62: 0
  63: 0
 procInstrs: # Per-process instructions
  0: 1000002976
  1: 1000002976
  2: 0
  3: 0
  4: 0
  5: 0
  6: 0
  7: 0
  8: 0
  9: 0
  10: 0
  11: 0
  12: 0
  13: 0
  14: 0
  15: 0
  16: 0
  17: 0
  18: 0
  19: 0
  20: 0
  21: 0
  22: 0
  23: 0
  24: 0
  25: 0
  26: 0
  27: 0
  28: 0
  29: 0
  30: 0
  31: 0
  32: 0
  33: 0
  34: 0
  35: 0
  36: 0
  37: 0
  38: 0
  39: 0
  40: 0
  41: 0
  42: 0
  43: 0
  44: 0
  45: 0
  46: 0
  47: 0
  48: 0
  49: 0
  50: 0
  51: 0
  52: 0
  53: 0
  54: 0
  55: 0
  56: 0
  57: 0
  58: 0
  59: 0
  60: 0
  61: 0
  62: 0
  63: 0
 heartbeats: # Per-process heartbeats
  0: 0
  1: 0
  2: 0
  3: 0
  4: 0
  5: 0
  6: 0
  7: 0
  8: 0
  9: 0
  10: 0
  11: 0
  12: 0
  13: 0
  14: 0
  15: 0
  16: 0
  17: 0
  18: 0
  19: 0
  20: 0
  21: 0
  22: 0
  23: 0
  24: 0
  25: 0
  26: 0
  27: 0
  28: 0
  29: 0
  30: 0
  31: 0
  32: 0
  33: 0
  34: 0
  35: 0
  36: 0
  37: 0
  38: 0
  39: 0
  40: 0
  41: 0
  42: 0
  43: 0
  44: 0
  45: 0
  46: 0
  47: 0
  48: 0
  49: 0
  50: 0
  51: 0
  52: 0
  53: 0
  54: 0
  55: 0
  56: 0
  57: 0
  58: 0
  59: 0
  60: 0
  61: 0
  62: 0
  63: 0
===
