# zsim stats
===
root: # Stats
 contention: # Contention simulation stats
  domain-0: # Domain stats
   time: 1799420069 # Weave simulation time
 time: # Simulator time breakdown
  init: 69092794
  bound: 87258197731
  weave: 4300644915
  ff: 0
 trigger: 20000 # Reason for this stats dump
 phase: 70364 # Simulated phases
 beefy: # Core stats
  beefy-0: # Core stats
   cycles: 697045385 # Simulated unhalted cycles
   cCycles: 28909501 # Cycles due to contention stalls
   instrs: 1000002990 # Simulated instructions
   uops: 1202533412 # Retired micro-ops
   bbls: 147481562 # Basic blocks
   approxInstrs: 0 # Instrs with approx uop decoding
   mispredBranches: 7349233 # Mispredicted branches
  beefy-1: # Core stats
   cycles: 696623188 # Simulated unhalted cycles
   cCycles: 28729484 # Cycles due to contention stalls
   instrs: 1000002990 # Simulated instructions
   uops: 1202533412 # Retired micro-ops
   bbls: 147481562 # Basic blocks
   approxInstrs: 0 # Instrs with approx uop decoding
   mispredBranches: 7349233 # Mispredicted branches
 l1d_beefy: # Cache stats
  l1d_beefy-0: # Filter cache stats
   fhGETS: 316812934 # Filtered GETS hits
   fhGETX: 106765180 # Filtered GETX hits
   hGETS: 18926859 # GETS hits
   hGETX: 6377277 # GETX hits
   mGETS: 3135610 # GETS misses
   mGETXIM: 363080 # GETX I->M misses
   mGETXSM: 0 # GETX S->M misses (upgrade misses)
   PUTS: 0 # Clean evictions (from lower level)
   PUTX: 0 # Dirty evictions (from lower level)
   INV: 1 # Invalidates (from upper level)
   INVX: 0 # Downgrades (from upper level)
   FWD: 0 # Forwards (from upper level)
   latGETnl: 145185030 # GET request latency on next level
   latGETnet: 0 # GET request latency on network to next level
  l1d_beefy-1: # Filter cache stats
   fhGETS: 316812934 # Filtered GETS hits
   fhGETX: 106765180 # Filtered GETX hits
   hGETS: 18926859 # GETS hits
   hGETX: 6377277 # GETX hits
   mGETS: 3135610 # GETS misses
   mGETXIM: 363080 # GETX I->M misses
   mGETXSM: 0 # GETX S->M misses (upgrade misses)
   PUTS: 0 # Clean evictions (from lower level)
   PUTX: 0 # Dirty evictions (from lower level)
   INV: 0 # Invalidates (from upper level)
   INVX: 0 # Downgrades (from upper level)
   FWD: 0 # Forwards (from upper level)
   latGETnl: 144781005 # GET request latency on next level
   latGETnet: 0 # GET request latency on network to next level
 l1i_beefy: # Cache stats
  l1i_beefy-0: # Filter cache stats
   fhGETS: 186315432 # Filtered GETS hits
   fhGETX: 0 # Filtered GETX hits
   hGETS: 942 # GETS hits
   hGETX: 0 # GETX hits
   mGETS: 153 # GETS misses
   mGETXIM: 0 # GETX I->M misses
   mGETXSM: 0 # GETX S->M misses (upgrade misses)
   PUTS: 0 # Clean evictions (from lower level)
   PUTX: 0 # Dirty evictions (from lower level)
   INV: 0 # Invalidates (from upper level)
   INVX: 0 # Downgrades (from upper level)
   FWD: 0 # Forwards (from upper level)
   latGETnl: 14994 # GET request latency on next level
   latGETnet: 0 # GET request latency on network to next level
  l1i_beefy-1: # Filter cache stats
   fhGETS: 186315435 # Filtered GETS hits
   fhGETX: 0 # Filtered GETX hits
   hGETS: 942 # GETS hits
   hGETX: 0 # GETX hits
   mGETS: 153 # GETS misses
   mGETXIM: 0 # GETX I->M misses
   mGETXSM: 0 # GETX S->M misses (upgrade misses)
   PUTS: 0 # Clean evictions (from lower level)
   PUTX: 0 # Dirty evictions (from lower level)
   INV: 0 # Invalidates (from upper level)
   INVX: 0 # Downgrades (from upper level)
   FWD: 0 # Forwards (from upper level)
   latGETnl: 14994 # GET request latency on next level
   latGETnet: 0 # GET request latency on network to next level
 l2_beefy: # Cache stats
  l2_beefy-0: # Cache stats
   hGETS: 658245 # GETS hits
   hGETX: 46933 # GETX hits
   mGETS: 2477518 # GETS misses
   mGETXIM: 316147 # GETX I->M misses
   mGETXSM: 0 # GETX S->M misses (upgrade misses)
   PUTS: 1462519 # Clean evictions (from lower level)
   PUTX: 2035658 # Dirty evictions (from lower level)
   INV: 140 # Invalidates (from upper level)
   INVX: 0 # Downgrades (from upper level)
   FWD: 0 # Forwards (from upper level)
   latGETnl: 120708123 # GET request latency on next level
   latGETnet: 0 # GET request latency on network to next level
  l2_beefy-1: # Cache stats
   hGETS: 658240 # GETS hits
   hGETX: 46933 # GETX hits
   mGETS: 2477523 # GETS misses
   mGETXIM: 316147 # GETX I->M misses
   mGETXSM: 0 # GETX S->M misses (upgrade misses)
   PUTS: 1462520 # Clean evictions (from lower level)
   PUTX: 2035658 # Dirty evictions (from lower level)
   INV: 153 # Invalidates (from upper level)
   INVX: 0 # Downgrades (from upper level)
   FWD: 0 # Forwards (from upper level)
   latGETnl: 120304098 # GET request latency on next level
   latGETnet: 0 # GET request latency on network to next level
 l3: # Cache stats
  l3-0b0: # Cache stats
   hGETS: 990160 # GETS hits
   hGETX: 110613 # GETX hits
   mGETS: 314303 # GETS misses
   mGETXIM: 47482 # GETX I->M misses
   mGETXSM: 0 # GETX S->M misses (upgrade misses)
   PUTS: 489427 # Clean evictions (from lower level)
   PUTX: 970900 # Dirty evictions (from lower level)
   INV: 0 # Invalidates (from upper level)
   INVX: 0 # Downgrades (from upper level)
   FWD: 0 # Forwards (from upper level)
   latGETnl: 23154240 # GET request latency on next level
   latGETnet: 0 # GET request latency on network to next level
  l3-0b1: # Cache stats
   hGETS: 907280 # GETS hits
   hGETX: 114552 # GETX hits
   mGETS: 298525 # GETS misses
   mGETXIM: 43522 # GETX I->M misses
   mGETXSM: 0 # GETX S->M misses (upgrade misses)
   PUTS: 455638 # Clean evictions (from lower level)
   PUTX: 906279 # Dirty evictions (from lower level)
   INV: 0 # Invalidates (from upper level)
   INVX: 0 # Downgrades (from upper level)
   FWD: 0 # Forwards (from upper level)
   latGETnl: 21891008 # GET request latency on next level
   latGETnet: 0 # GET request latency on network to next level
  l3-0b2: # Cache stats
   hGETS: 900567 # GETS hits
   hGETX: 118554 # GETX hits
   mGETS: 226471 # GETS misses
   mGETXIM: 38993 # GETX I->M misses
   mGETXSM: 0 # GETX S->M misses (upgrade misses)
   PUTS: 342524 # Clean evictions (from lower level)
   PUTX: 940196 # Dirty evictions (from lower level)
   INV: 0 # Invalidates (from upper level)
   INVX: 0 # Downgrades (from upper level)
   FWD: 0 # Forwards (from upper level)
   latGETnl: 16989696 # GET request latency on next level
   latGETnet: 0 # GET request latency on network to next level
  l3-0b3: # Cache stats
   hGETS: 930051 # GETS hits
   hGETX: 106899 # GETX hits
   mGETS: 387684 # GETS misses
   mGETXIM: 51679 # GETX I->M misses
   mGETXSM: 0 # GETX S->M misses (upgrade misses)
   PUTS: 511512 # Clean evictions (from lower level)
   PUTX: 962374 # Dirty evictions (from lower level)
   INV: 0 # Invalidates (from upper level)
   INVX: 0 # Downgrades (from upper level)
   FWD: 0 # Forwards (from upper level)
   latGETnl: 28119232 # GET request latency on next level
   latGETnet: 0 # GET request latency on network to next level
 mem: # Memory controller stats
  mem-0: # Memory controller stats
   rd: 296112 # Read requests
   wr: 215200 # Write requests
   rdlat: 32074286 # Total latency experienced by read requests
   wrlat: 27210421 # Total latency experienced by write requests
   rdhits: 1451 # Read row hits
   wrhits: 286 # Write row hits
   mlh: # latency histogram for memory requests
    0: 0
    1: 0
    2: 0
    3: 0
    4: 0
    5: 0
    6: 0
    7: 0
    8: 3
    9: 839
    10: 285920
    11: 1929
    12: 2081
    13: 894
    14: 429
    15: 205
    16: 203
    17: 271
    18: 685
    19: 325
    20: 214
    21: 235
    22: 234
    23: 123
    24: 86
    25: 94
    26: 104
    27: 93
    28: 88
    29: 105
    30: 96
    31: 77
    32: 99
    33: 96
    34: 79
    35: 78
    36: 77
    37: 88
    38: 80
    39: 84
    40: 74
    41: 6
    42: 2
    43: 5
    44: 3
    45: 3
    46: 2
    47: 1
    48: 0
    49: 1
    50: 1
    51: 0
    52: 0
    53: 0
    54: 0
    55: 0
    56: 0
    57: 0
    58: 0
    59: 0
    60: 0
    61: 0
    62: 0
    63: 0
    64: 0
    65: 0
    66: 0
    67: 0
    68: 0
    69: 0
    70: 0
    71: 0
    72: 0
    73: 0
    74: 0
    75: 0
    76: 0
    77: 0
    78: 0
    79: 0
    80: 0
    81: 0
    82: 0
    83: 0
    84: 0
    85: 0
    86: 0
    87: 0
    88: 0
    89: 0
    90: 0
    91: 0
    92: 0
    93: 0
    94: 0
    95: 0
    96: 0
    97: 0
    98: 0
    99: 0
  mem-1: # Memory controller stats
   rd: 408277 # Read requests
   wr: 240216 # Write requests
   rdlat: 44379981 # Total latency experienced by read requests
   wrlat: 31356678 # Total latency experienced by write requests
   rdhits: 3119 # Read row hits
   wrhits: 486 # Write row hits
   mlh: # latency histogram for memory requests
    0: 0
    1: 0
    2: 0
    3: 0
    4: 0
    5: 0
    6: 0
    7: 0
    8: 2
    9: 1667
    10: 388536
    11: 3841
    12: 5113
    13: 1483
    14: 728
    15: 380
    16: 398
    17: 550
    18: 1489
    19: 632
    20: 460
    21: 392
    22: 369
    23: 179
    24: 101
    25: 114
    26: 118
    27: 150
    28: 124
    29: 124
    30: 128
    31: 115
    32: 111
    33: 122
    34: 129
    35: 116
    36: 136
    37: 114
    38: 112
    39: 119
    40: 83
    41: 13
    42: 8
    43: 5
    44: 3
    45: 8
    46: 3
    47: 0
    48: 1
    49: 1
    50: 0
    51: 0
    52: 0
    53: 0
    54: 0
    55: 0
    56: 0
    57: 0
    58: 0
    59: 0
    60: 0
    61: 0
    62: 0
    63: 0
    64: 0
    65: 0
    66: 0
    67: 0
    68: 0
    69: 0
    70: 0
    71: 0
    72: 0
    73: 0
    74: 0
    75: 0
    76: 0
    77: 0
    78: 0
    79: 0
    80: 0
    81: 0
    82: 0
    83: 0
    84: 0
    85: 0
    86: 0
    87: 0
    88: 0
    89: 0
    90: 0
    91: 0
    92: 0
    93: 0
    94: 0
    95: 0
    96: 0
    97: 0
    98: 0
    99: 0
  mem-2: # Memory controller stats
   rd: 356006 # Read requests
   wr: 232067 # Write requests
   rdlat: 38649892 # Total latency experienced by read requests
   wrlat: 29832603 # Total latency experienced by write requests
   rdhits: 2934 # Read row hits
   wrhits: 449 # Write row hits
   mlh: # latency histogram for memory requests
    0: 0
    1: 0
    2: 0
    3: 0
    4: 0
    5: 0
    6: 0
    7: 0
    8: 2
    9: 1610
    10: 339794
    11: 3083
    12: 4075
    13: 1305
    14: 600
    15: 319
    16: 349
    17: 379
    18: 1145
    19: 500
    20: 344
    21: 294
    22: 286
    23: 161
    24: 104
    25: 103
    26: 84
    27: 87
    28: 97
    29: 96
    30: 102
    31: 93
    32: 112
    33: 92
    34: 106
    35: 108
    36: 124
    37: 108
    38: 101
    39: 114
    40: 90
    41: 12
    42: 5
    43: 6
    44: 5
    45: 5
    46: 3
    47: 1
    48: 1
    49: 0
    50: 1
    51: 0
    52: 0
    53: 0
    54: 0
    55: 0
    56: 0
    57: 0
    58: 0
    59: 0
    60: 0
    61: 0
    62: 0
    63: 0
    64: 0
    65: 0
    66: 0
    67: 0
    68: 0
    69: 0
    70: 0
    71: 0
    72: 0
    73: 0
    74: 0
    75: 0
    76: 0
    77: 0
    78: 0
    79: 0
    80: 0
    81: 0
    82: 0
    83: 0
    84: 0
    85: 0
    86: 0
    87: 0
    88: 0
    89: 0
    90: 0
    91: 0
    92: 0
    93: 0
    94: 0
    95: 0
    96: 0
    97: 0
    98: 0
    99: 0
  mem-3: # Memory controller stats
   rd: 348264 # Read requests
   wr: 223354 # Write requests
   rdlat: 37781684 # Total latency experienced by read requests
   wrlat: 28659649 # Total latency experienced by write requests
   rdhits: 2268 # Read row hits
   wrhits: 394 # Write row hits
   mlh: # latency histogram for memory requests
    0: 0
    1: 0
    2: 0
    3: 0
    4: 0
    5: 0
    6: 0
    7: 0
    8: 5
    9: 1061
    10: 333428
    11: 3141
    12: 3368
    13: 1384
    14: 565
    15: 300
    16: 334
    17: 407
    18: 1071
    19: 491
    20: 316
    21: 289
    22: 293
    23: 170
    24: 91
    25: 100
    26: 89
    27: 82
    28: 84
    29: 111
    30: 104
    31: 101
    32: 109
    33: 97
    34: 96
    35: 93
    36: 115
    37: 111
    38: 94
    39: 87
    40: 58
    41: 5
    42: 3
    43: 3
    44: 2
    45: 5
    46: 0
    47: 0
    48: 0
    49: 0
    50: 1
    51: 0
    52: 0
    53: 0
    54: 0
    55: 0
    56: 0
    57: 0
    58: 0
    59: 0
    60: 0
    61: 0
    62: 0
    63: 0
    64: 0
    65: 0
    66: 0
    67: 0
    68: 0
    69: 0
    70: 0
    71: 0
    72: 0
    73: 0
    74: 0
    75: 0
    76: 0
    77: 0
    78: 0
    79: 0
    80: 0
    81: 0
    82: 0
    83: 0
    84: 0
    85: 0
    86: 0
    87: 0
    88: 0
    89: 0
    90: 0
    91: 0
    92: 0
    93: 0
    94: 0
    95: 0
    96: 0
    97: 0
    98: 0
    99: 0
 sched: # Scheduler stats
  thCr: 2 # Threads created
  thFn: 2 # Threads finished
  schedEvs: 2 # Schedule events
  waitEvs: 0 # Wait events
  handoffEvs: 0 # Handoff events
  sleepEvs: 0 # Sleep events
  idlePhases: 0 # Phases with no thread active
  idlePeriods: 0 # Periods with no thread active
  occHist: # Occupancy histogram
   0: 0
   1: 1361
   2: 69003
  rqSzHist: # Run queue size histogram
   0: 70364
   1: 0
   2: 0
   3: 0
   4: 0
   5: 0
   6: 0
   7: 0
   8: 0
   9: 0
   10: 0
   11: 0
   12: 0
   13: 0
   14: 0
   15: 0
   16: 0
 procCycles: # Per-process unhalted core cycles
  0: 697045385
  1: 696623188
  2: 0
  3: 0
  4: 0
  5: 0
  6: 0
  7: 0
  8: 0
  9: 0
  10: 0
  11: 0
  12: 0
  13: 0
  14: 0
  15: 0
  16: 0
  17: 0
  18: 0
  19: 0
  20: 0
  21: 0
  22: 0
  23: 0
  24: 0
  25: 0
  26: 0
  27: 0
  28: 0
  29: 0
  30: 0
  31: 0
  32: 0
  33: 0
  34: 0
  35: 0
  36: 0
  37: 0
  38: 0
  39: 0
  40: 0
  41: 0
  42: 0
  43: 0
  44: 0
  45: 0
  46: 0
  47: 0
  48: 0
  49: 0
  50: 0
  51: 0
  52: 0
  53: 0
  54: 0
  55: 0
  56: 0
  57: 0
  58: 0
  59: 0
  60: 0
  61: 0
  62: 0
  63: 0
 procInstrs: # Per-process instructions
  0: 1000002990
  1: 1000002990
  2: 0
  3: 0
  4: 0
  5: 0
  6: 0
  7: 0
  8: 0
  9: 0
  10: 0
  11: 0
  12: 0
  13: 0
  14: 0
  15: 0
  16: 0
  17: 0
  18: 0
  19: 0
  20: 0
  21: 0
  22: 0
  23: 0
  24: 0
  25: 0
  26: 0
  27: 0
  28: 0
  29: 0
  30: 0
  31: 0
  32: 0
  33: 0
  34: 0
  35: 0
  36: 0
  37: 0
  38: 0
  39: 0
  40: 0
  41: 0
  42: 0
  43: 0
  44: 0
  45: 0
  46: 0
  47: 0
  48: 0
  49: 0
  50: 0
  51: 0
  52: 0
  53: 0
  54: 0
  55: 0
  56: 0
  57: 0
  58: 0
  59: 0
  60: 0
  61: 0
  62: 0
  63: 0
 heartbeats: # Per-process heartbeats
  0: 0
  1: 0
  2: 0
  3: 0
  4: 0
  5: 0
  6: 0
  7: 0
  8: 0
  9: 0
  10: 0
  11: 0
  12: 0
  13: 0
  14: 0
  15: 0
  16: 0
  17: 0
  18: 0
  19: 0
  20: 0
  21: 0
  22: 0
  23: 0
  24: 0
  25: 0
  26: 0
  27: 0
  28: 0
  29: 0
  30: 0
  31: 0
  32: 0
  33: 0
  34: 0
  35: 0
  36: 0
  37: 0
  38: 0
  39: 0
  40: 0
  41: 0
  42: 0
  43: 0
  44: 0
  45: 0
  46: 0
  47: 0
  48: 0
  49: 0
  50: 0
  51: 0
  52: 0
  53: 0
  54: 0
  55: 0
  56: 0
  57: 0
  58: 0
  59: 0
  60: 0
  61: 0
  62: 0
  63: 0
===
